2025-08-26T11:42:49.614+05:30  INFO 23340 --- [main] org.userService.App                      : Starting App using Java 21.0.8 with PID 23340 (C:\Users\VIVEK\Documents\Projects\project_expence\userService\app\build\classes\java\main started by VIVEK in C:\Users\VIVEK\Documents\Projects\project_expence\userService)
2025-08-26T11:42:49.616+05:30 DEBUG 23340 --- [main] org.userService.App                      : Running with Spring Boot v3.2.5, Spring v6.1.6
2025-08-26T11:42:49.616+05:30  INFO 23340 --- [main] org.userService.App                      : No active profile set, falling back to 1 default profile: "default"
2025-08-26T11:42:50.443+05:30  INFO 23340 --- [main] .s.d.r.c.RepositoryConfigurationDelegate : Bootstrapping Spring Data JPA repositories in DEFAULT mode.
2025-08-26T11:42:50.495+05:30  INFO 23340 --- [main] .s.d.r.c.RepositoryConfigurationDelegate : Finished Spring Data repository scanning in 42 ms. Found 1 JPA repository interface.
2025-08-26T11:42:51.249+05:30  INFO 23340 --- [main] o.s.b.w.embedded.tomcat.TomcatWebServer  : Tomcat initialized with port 8080 (http)
2025-08-26T11:42:51.259+05:30  INFO 23340 --- [main] o.apache.catalina.core.StandardService   : Starting service [Tomcat]
2025-08-26T11:42:51.259+05:30  INFO 23340 --- [main] o.apache.catalina.core.StandardEngine    : Starting Servlet engine: [Apache Tomcat/10.1.20]
2025-08-26T11:42:51.312+05:30  INFO 23340 --- [main] o.a.c.c.C.[Tomcat].[localhost].[/]       : Initializing Spring embedded WebApplicationContext
2025-08-26T11:42:51.312+05:30  INFO 23340 --- [main] w.s.c.ServletWebServerApplicationContext : Root WebApplicationContext: initialization completed in 1650 ms
2025-08-26T11:42:51.784+05:30  INFO 23340 --- [main] o.hibernate.jpa.internal.util.LogHelper  : HHH000204: Processing PersistenceUnitInfo [name: default]
2025-08-26T11:42:51.843+05:30  INFO 23340 --- [main] org.hibernate.Version                    : HHH000412: Hibernate ORM core version 6.4.4.Final
2025-08-26T11:42:51.888+05:30  INFO 23340 --- [main] o.h.c.internal.RegionFactoryInitiator    : HHH000026: Second-level cache disabled
2025-08-26T11:42:52.102+05:30  INFO 23340 --- [main] o.s.o.j.p.SpringPersistenceUnitInfo      : No LoadTimeWeaver setup: ignoring JPA class transformer
2025-08-26T11:42:52.160+05:30  INFO 23340 --- [main] com.zaxxer.hikari.HikariDataSource       : HikariPool-1 - Starting...
2025-08-26T11:42:52.471+05:30  INFO 23340 --- [main] com.zaxxer.hikari.pool.HikariPool        : HikariPool-1 - Added connection com.mysql.cj.jdbc.ConnectionImpl@2a531637
2025-08-26T11:42:52.473+05:30  INFO 23340 --- [main] com.zaxxer.hikari.HikariDataSource       : HikariPool-1 - Start completed.
2025-08-26T11:42:52.516+05:30  WARN 23340 --- [main] org.hibernate.orm.deprecation            : HHH90000025: MySQL8Dialect does not need to be specified explicitly using 'hibernate.dialect' (remove the property setting and it will be selected by default)
2025-08-26T11:42:52.517+05:30  WARN 23340 --- [main] org.hibernate.orm.deprecation            : HHH90000026: MySQL8Dialect has been deprecated; use org.hibernate.dialect.MySQLDialect instead
2025-08-26T11:42:53.181+05:30  INFO 23340 --- [main] o.h.e.t.j.p.i.JtaPlatformInitiator       : HHH000489: No JTA platform available (set 'hibernate.transaction.jta.platform' to enable JTA platform integration)
2025-08-26T11:42:53.307+05:30  INFO 23340 --- [main] j.LocalContainerEntityManagerFactoryBean : Initialized JPA EntityManagerFactory for persistence unit 'default'
2025-08-26T11:42:53.657+05:30  WARN 23340 --- [main] JpaBaseConfiguration$JpaWebConfiguration : spring.jpa.open-in-view is enabled by default. Therefore, database queries may be performed during view rendering. Explicitly configure spring.jpa.open-in-view to disable this warning
2025-08-26T11:42:54.365+05:30  INFO 23340 --- [main] o.s.b.a.e.web.EndpointLinksResolver      : Exposing 1 endpoint(s) beneath base path '/actuator'
2025-08-26T11:42:54.487+05:30  WARN 23340 --- [main] ConfigServletWebServerApplicationContext : Exception encountered during context initialization - cancelling refresh attempt: org.springframework.context.ApplicationContextException: Failed to start bean 'webServerStartStop'
2025-08-26T11:42:54.489+05:30  INFO 23340 --- [main] j.LocalContainerEntityManagerFactoryBean : Closing JPA EntityManagerFactory for persistence unit 'default'
2025-08-26T11:42:54.491+05:30  INFO 23340 --- [main] com.zaxxer.hikari.HikariDataSource       : HikariPool-1 - Shutdown initiated...
2025-08-26T11:42:54.504+05:30  INFO 23340 --- [main] com.zaxxer.hikari.HikariDataSource       : HikariPool-1 - Shutdown completed.
2025-08-26T11:42:54.521+05:30  INFO 23340 --- [main] .s.b.a.l.ConditionEvaluationReportLogger : 

Error starting ApplicationContext. To display the condition evaluation report re-run your application with 'debug' enabled.
2025-08-26T11:42:54.550+05:30 ERROR 23340 --- [main] o.s.b.d.LoggingFailureAnalysisReporter   : 

***************************
APPLICATION FAILED TO START
***************************

Description:

Web server failed to start. Port 8080 was already in use.

Action:

Identify and stop the process that's listening on port 8080 or configure this application to listen on another port.

2025-08-26T11:46:19.697+05:30  INFO 23580 --- [main] org.userService.App                      : Starting App using Java 21.0.8 with PID 23580 (C:\Users\VIVEK\Documents\Projects\project_expence\userService\app\build\classes\java\main started by VIVEK in C:\Users\VIVEK\Documents\Projects\project_expence\userService)
2025-08-26T11:46:19.699+05:30 DEBUG 23580 --- [main] org.userService.App                      : Running with Spring Boot v3.2.5, Spring v6.1.6
2025-08-26T11:46:19.700+05:30  INFO 23580 --- [main] org.userService.App                      : No active profile set, falling back to 1 default profile: "default"
2025-08-26T11:46:20.483+05:30  INFO 23580 --- [main] .s.d.r.c.RepositoryConfigurationDelegate : Bootstrapping Spring Data JPA repositories in DEFAULT mode.
2025-08-26T11:46:20.536+05:30  INFO 23580 --- [main] .s.d.r.c.RepositoryConfigurationDelegate : Finished Spring Data repository scanning in 43 ms. Found 1 JPA repository interface.
2025-08-26T11:46:21.308+05:30  INFO 23580 --- [main] o.s.b.w.embedded.tomcat.TomcatWebServer  : Tomcat initialized with port 8080 (http)
2025-08-26T11:46:21.322+05:30  INFO 23580 --- [main] o.apache.catalina.core.StandardService   : Starting service [Tomcat]
2025-08-26T11:46:21.322+05:30  INFO 23580 --- [main] o.apache.catalina.core.StandardEngine    : Starting Servlet engine: [Apache Tomcat/10.1.20]
2025-08-26T11:46:21.380+05:30  INFO 23580 --- [main] o.a.c.c.C.[Tomcat].[localhost].[/]       : Initializing Spring embedded WebApplicationContext
2025-08-26T11:46:21.380+05:30  INFO 23580 --- [main] w.s.c.ServletWebServerApplicationContext : Root WebApplicationContext: initialization completed in 1628 ms
2025-08-26T11:46:21.834+05:30  INFO 23580 --- [main] o.hibernate.jpa.internal.util.LogHelper  : HHH000204: Processing PersistenceUnitInfo [name: default]
2025-08-26T11:46:21.895+05:30  INFO 23580 --- [main] org.hibernate.Version                    : HHH000412: Hibernate ORM core version 6.4.4.Final
2025-08-26T11:46:21.937+05:30  INFO 23580 --- [main] o.h.c.internal.RegionFactoryInitiator    : HHH000026: Second-level cache disabled
2025-08-26T11:46:22.154+05:30  INFO 23580 --- [main] o.s.o.j.p.SpringPersistenceUnitInfo      : No LoadTimeWeaver setup: ignoring JPA class transformer
2025-08-26T11:46:22.223+05:30  INFO 23580 --- [main] com.zaxxer.hikari.HikariDataSource       : HikariPool-1 - Starting...
2025-08-26T11:46:22.542+05:30  INFO 23580 --- [main] com.zaxxer.hikari.pool.HikariPool        : HikariPool-1 - Added connection com.mysql.cj.jdbc.ConnectionImpl@16d61071
2025-08-26T11:46:22.544+05:30  INFO 23580 --- [main] com.zaxxer.hikari.HikariDataSource       : HikariPool-1 - Start completed.
2025-08-26T11:46:22.585+05:30  WARN 23580 --- [main] org.hibernate.orm.deprecation            : HHH90000025: MySQL8Dialect does not need to be specified explicitly using 'hibernate.dialect' (remove the property setting and it will be selected by default)
2025-08-26T11:46:22.585+05:30  WARN 23580 --- [main] org.hibernate.orm.deprecation            : HHH90000026: MySQL8Dialect has been deprecated; use org.hibernate.dialect.MySQLDialect instead
2025-08-26T11:46:23.236+05:30  INFO 23580 --- [main] o.h.e.t.j.p.i.JtaPlatformInitiator       : HHH000489: No JTA platform available (set 'hibernate.transaction.jta.platform' to enable JTA platform integration)
2025-08-26T11:46:23.277+05:30  INFO 23580 --- [main] j.LocalContainerEntityManagerFactoryBean : Initialized JPA EntityManagerFactory for persistence unit 'default'
2025-08-26T11:46:23.642+05:30  WARN 23580 --- [main] JpaBaseConfiguration$JpaWebConfiguration : spring.jpa.open-in-view is enabled by default. Therefore, database queries may be performed during view rendering. Explicitly configure spring.jpa.open-in-view to disable this warning
2025-08-26T11:46:24.390+05:30  INFO 23580 --- [main] o.s.b.a.e.web.EndpointLinksResolver      : Exposing 1 endpoint(s) beneath base path '/actuator'
2025-08-26T11:46:24.555+05:30  WARN 23580 --- [main] ConfigServletWebServerApplicationContext : Exception encountered during context initialization - cancelling refresh attempt: org.springframework.context.ApplicationContextException: Failed to start bean 'webServerStartStop'
2025-08-26T11:46:24.557+05:30  INFO 23580 --- [main] j.LocalContainerEntityManagerFactoryBean : Closing JPA EntityManagerFactory for persistence unit 'default'
2025-08-26T11:46:24.560+05:30  INFO 23580 --- [main] com.zaxxer.hikari.HikariDataSource       : HikariPool-1 - Shutdown initiated...
2025-08-26T11:46:24.569+05:30  INFO 23580 --- [main] com.zaxxer.hikari.HikariDataSource       : HikariPool-1 - Shutdown completed.
2025-08-26T11:46:24.582+05:30  INFO 23580 --- [main] .s.b.a.l.ConditionEvaluationReportLogger : 

Error starting ApplicationContext. To display the condition evaluation report re-run your application with 'debug' enabled.
2025-08-26T11:46:24.619+05:30 ERROR 23580 --- [main] o.s.b.d.LoggingFailureAnalysisReporter   : 

***************************
APPLICATION FAILED TO START
***************************

Description:

Web server failed to start. Port 8080 was already in use.

Action:

Identify and stop the process that's listening on port 8080 or configure this application to listen on another port.

2025-08-26T11:58:48.574+05:30  INFO 10788 --- [main] org.userService.App                      : Starting App using Java 21.0.8 with PID 10788 (C:\Users\VIVEK\Documents\Projects\project_expence\userService\app\build\classes\java\main started by VIVEK in C:\Users\VIVEK\Documents\Projects\project_expence\userService)
2025-08-26T11:58:48.576+05:30 DEBUG 10788 --- [main] org.userService.App                      : Running with Spring Boot v3.2.5, Spring v6.1.6
2025-08-26T11:58:48.577+05:30  INFO 10788 --- [main] org.userService.App                      : No active profile set, falling back to 1 default profile: "default"
2025-08-26T11:58:49.363+05:30  INFO 10788 --- [main] .s.d.r.c.RepositoryConfigurationDelegate : Bootstrapping Spring Data JPA repositories in DEFAULT mode.
2025-08-26T11:58:49.421+05:30  INFO 10788 --- [main] .s.d.r.c.RepositoryConfigurationDelegate : Finished Spring Data repository scanning in 48 ms. Found 1 JPA repository interface.
2025-08-26T11:58:50.190+05:30  INFO 10788 --- [main] o.s.b.w.embedded.tomcat.TomcatWebServer  : Tomcat initialized with port 9090 (http)
2025-08-26T11:58:50.214+05:30  INFO 10788 --- [main] o.apache.catalina.core.StandardService   : Starting service [Tomcat]
2025-08-26T11:58:50.214+05:30  INFO 10788 --- [main] o.apache.catalina.core.StandardEngine    : Starting Servlet engine: [Apache Tomcat/10.1.20]
2025-08-26T11:58:50.271+05:30  INFO 10788 --- [main] o.a.c.c.C.[Tomcat].[localhost].[/]       : Initializing Spring embedded WebApplicationContext
2025-08-26T11:58:50.271+05:30  INFO 10788 --- [main] w.s.c.ServletWebServerApplicationContext : Root WebApplicationContext: initialization completed in 1640 ms
2025-08-26T11:58:50.699+05:30  INFO 10788 --- [main] o.hibernate.jpa.internal.util.LogHelper  : HHH000204: Processing PersistenceUnitInfo [name: default]
2025-08-26T11:58:50.767+05:30  INFO 10788 --- [main] org.hibernate.Version                    : HHH000412: Hibernate ORM core version 6.4.4.Final
2025-08-26T11:58:50.800+05:30  INFO 10788 --- [main] o.h.c.internal.RegionFactoryInitiator    : HHH000026: Second-level cache disabled
2025-08-26T11:58:51.016+05:30  INFO 10788 --- [main] o.s.o.j.p.SpringPersistenceUnitInfo      : No LoadTimeWeaver setup: ignoring JPA class transformer
2025-08-26T11:58:51.070+05:30  INFO 10788 --- [main] com.zaxxer.hikari.HikariDataSource       : HikariPool-1 - Starting...
2025-08-26T11:58:51.374+05:30  INFO 10788 --- [main] com.zaxxer.hikari.pool.HikariPool        : HikariPool-1 - Added connection com.mysql.cj.jdbc.ConnectionImpl@2cacb445
2025-08-26T11:58:51.376+05:30  INFO 10788 --- [main] com.zaxxer.hikari.HikariDataSource       : HikariPool-1 - Start completed.
2025-08-26T11:58:51.425+05:30  WARN 10788 --- [main] org.hibernate.orm.deprecation            : HHH90000025: MySQL8Dialect does not need to be specified explicitly using 'hibernate.dialect' (remove the property setting and it will be selected by default)
2025-08-26T11:58:51.426+05:30  WARN 10788 --- [main] org.hibernate.orm.deprecation            : HHH90000026: MySQL8Dialect has been deprecated; use org.hibernate.dialect.MySQLDialect instead
2025-08-26T11:58:52.068+05:30  INFO 10788 --- [main] o.h.e.t.j.p.i.JtaPlatformInitiator       : HHH000489: No JTA platform available (set 'hibernate.transaction.jta.platform' to enable JTA platform integration)
2025-08-26T11:58:52.106+05:30  INFO 10788 --- [main] j.LocalContainerEntityManagerFactoryBean : Initialized JPA EntityManagerFactory for persistence unit 'default'
2025-08-26T11:58:52.460+05:30  WARN 10788 --- [main] JpaBaseConfiguration$JpaWebConfiguration : spring.jpa.open-in-view is enabled by default. Therefore, database queries may be performed during view rendering. Explicitly configure spring.jpa.open-in-view to disable this warning
2025-08-26T11:58:53.320+05:30  INFO 10788 --- [main] o.s.b.a.e.web.EndpointLinksResolver      : Exposing 1 endpoint(s) beneath base path '/actuator'
2025-08-26T11:58:53.505+05:30  INFO 10788 --- [main] o.s.b.w.embedded.tomcat.TomcatWebServer  : Tomcat started on port 9090 (http) with context path ''
2025-08-26T11:58:53.561+05:30  INFO 10788 --- [main] o.a.k.clients.consumer.ConsumerConfig    : ConsumerConfig values: 
	allow.auto.create.topics = true
	auto.commit.interval.ms = 5000
	auto.include.jmx.reporter = true
	auto.offset.reset = latest
	bootstrap.servers = [localhost:9092]
	check.crcs = true
	client.dns.lookup = use_all_dns_ips
	client.id = consumer-userinfo-consumer-group-1
	client.rack = 
	connections.max.idle.ms = 540000
	default.api.timeout.ms = 60000
	enable.auto.commit = false
	exclude.internal.topics = true
	fetch.max.bytes = 52428800
	fetch.max.wait.ms = 500
	fetch.min.bytes = 1
	group.id = userinfo-consumer-group
	group.instance.id = null
	heartbeat.interval.ms = 3000
	interceptor.classes = []
	internal.leave.group.on.close = true
	internal.throw.on.fetch.stable.offset.unsupported = false
	isolation.level = read_uncommitted
	key.deserializer = class org.apache.kafka.common.serialization.StringDeserializer
	max.partition.fetch.bytes = 1048576
	max.poll.interval.ms = 300000
	max.poll.records = 500
	metadata.max.age.ms = 300000
	metric.reporters = []
	metrics.num.samples = 2
	metrics.recording.level = INFO
	metrics.sample.window.ms = 30000
	partition.assignment.strategy = [class org.apache.kafka.clients.consumer.RangeAssignor, class org.apache.kafka.clients.consumer.CooperativeStickyAssignor]
	receive.buffer.bytes = 65536
	reconnect.backoff.max.ms = 1000
	reconnect.backoff.ms = 50
	request.timeout.ms = 30000
	retry.backoff.ms = 100
	sasl.client.callback.handler.class = null
	sasl.jaas.config = null
	sasl.kerberos.kinit.cmd = /usr/bin/kinit
	sasl.kerberos.min.time.before.relogin = 60000
	sasl.kerberos.service.name = null
	sasl.kerberos.ticket.renew.jitter = 0.05
	sasl.kerberos.ticket.renew.window.factor = 0.8
	sasl.login.callback.handler.class = null
	sasl.login.class = null
	sasl.login.connect.timeout.ms = null
	sasl.login.read.timeout.ms = null
	sasl.login.refresh.buffer.seconds = 300
	sasl.login.refresh.min.period.seconds = 60
	sasl.login.refresh.window.factor = 0.8
	sasl.login.refresh.window.jitter = 0.05
	sasl.login.retry.backoff.max.ms = 10000
	sasl.login.retry.backoff.ms = 100
	sasl.mechanism = GSSAPI
	sasl.oauthbearer.clock.skew.seconds = 30
	sasl.oauthbearer.expected.audience = null
	sasl.oauthbearer.expected.issuer = null
	sasl.oauthbearer.jwks.endpoint.refresh.ms = 3600000
	sasl.oauthbearer.jwks.endpoint.retry.backoff.max.ms = 10000
	sasl.oauthbearer.jwks.endpoint.retry.backoff.ms = 100
	sasl.oauthbearer.jwks.endpoint.url = null
	sasl.oauthbearer.scope.claim.name = scope
	sasl.oauthbearer.sub.claim.name = sub
	sasl.oauthbearer.token.endpoint.url = null
	security.protocol = PLAINTEXT
	security.providers = null
	send.buffer.bytes = 131072
	session.timeout.ms = 45000
	socket.connection.setup.timeout.max.ms = 30000
	socket.connection.setup.timeout.ms = 10000
	ssl.cipher.suites = null
	ssl.enabled.protocols = [TLSv1.2, TLSv1.3]
	ssl.endpoint.identification.algorithm = https
	ssl.engine.factory.class = null
	ssl.key.password = null
	ssl.keymanager.algorithm = SunX509
	ssl.keystore.certificate.chain = null
	ssl.keystore.key = null
	ssl.keystore.location = null
	ssl.keystore.password = null
	ssl.keystore.type = JKS
	ssl.protocol = TLSv1.3
	ssl.provider = null
	ssl.secure.random.implementation = null
	ssl.trustmanager.algorithm = PKIX
	ssl.truststore.certificates = null
	ssl.truststore.location = null
	ssl.truststore.password = null
	ssl.truststore.type = JKS
	value.deserializer = class org.userService.deserializer.UserInfoDeserializer

2025-08-26T11:58:53.645+05:30  INFO 10788 --- [main] o.apache.kafka.common.metrics.Metrics    : Metrics scheduler closed
2025-08-26T11:58:53.646+05:30  INFO 10788 --- [main] o.apache.kafka.common.metrics.Metrics    : Closing reporter org.apache.kafka.common.metrics.JmxReporter
2025-08-26T11:58:53.646+05:30  INFO 10788 --- [main] o.apache.kafka.common.metrics.Metrics    : Metrics reporters closed
2025-08-26T11:58:53.648+05:30  INFO 10788 --- [main] o.a.kafka.common.utils.AppInfoParser     : App info kafka.consumer for consumer-userinfo-consumer-group-1 unregistered
2025-08-26T11:58:53.662+05:30  WARN 10788 --- [main] ConfigServletWebServerApplicationContext : Exception encountered during context initialization - cancelling refresh attempt: org.springframework.context.ApplicationContextException: Failed to start bean 'org.springframework.kafka.config.internalKafkaListenerEndpointRegistry'
2025-08-26T11:58:53.664+05:30  INFO 10788 --- [main] j.LocalContainerEntityManagerFactoryBean : Closing JPA EntityManagerFactory for persistence unit 'default'
2025-08-26T11:58:53.667+05:30  INFO 10788 --- [main] com.zaxxer.hikari.HikariDataSource       : HikariPool-1 - Shutdown initiated...
2025-08-26T11:58:53.676+05:30  INFO 10788 --- [main] com.zaxxer.hikari.HikariDataSource       : HikariPool-1 - Shutdown completed.
2025-08-26T11:58:53.695+05:30  INFO 10788 --- [main] .s.b.a.l.ConditionEvaluationReportLogger : 

Error starting ApplicationContext. To display the condition evaluation report re-run your application with 'debug' enabled.
2025-08-26T11:58:53.715+05:30 ERROR 10788 --- [main] o.s.boot.SpringApplication               : Application run failed

org.springframework.context.ApplicationContextException: Failed to start bean 'org.springframework.kafka.config.internalKafkaListenerEndpointRegistry'
	at org.springframework.context.support.DefaultLifecycleProcessor.doStart(DefaultLifecycleProcessor.java:291) ~[spring-context-6.1.6.jar:6.1.6]
	at org.springframework.context.support.DefaultLifecycleProcessor$LifecycleGroup.start(DefaultLifecycleProcessor.java:471) ~[spring-context-6.1.6.jar:6.1.6]
	at java.base/java.lang.Iterable.forEach(Iterable.java:75) ~[na:na]
	at org.springframework.context.support.DefaultLifecycleProcessor.startBeans(DefaultLifecycleProcessor.java:260) ~[spring-context-6.1.6.jar:6.1.6]
	at org.springframework.context.support.DefaultLifecycleProcessor.onRefresh(DefaultLifecycleProcessor.java:205) ~[spring-context-6.1.6.jar:6.1.6]
	at org.springframework.context.support.AbstractApplicationContext.finishRefresh(AbstractApplicationContext.java:981) ~[spring-context-6.1.6.jar:6.1.6]
	at org.springframework.context.support.AbstractApplicationContext.refresh(AbstractApplicationContext.java:627) ~[spring-context-6.1.6.jar:6.1.6]
	at org.springframework.boot.web.servlet.context.ServletWebServerApplicationContext.refresh(ServletWebServerApplicationContext.java:146) ~[spring-boot-3.2.5.jar:3.2.5]
	at org.springframework.boot.SpringApplication.refresh(SpringApplication.java:754) ~[spring-boot-3.2.5.jar:3.2.5]
	at org.springframework.boot.SpringApplication.refreshContext(SpringApplication.java:456) ~[spring-boot-3.2.5.jar:3.2.5]
	at org.springframework.boot.SpringApplication.run(SpringApplication.java:334) ~[spring-boot-3.2.5.jar:3.2.5]
	at org.springframework.boot.SpringApplication.run(SpringApplication.java:1354) ~[spring-boot-3.2.5.jar:3.2.5]
	at org.springframework.boot.SpringApplication.run(SpringApplication.java:1343) ~[spring-boot-3.2.5.jar:3.2.5]
	at org.userService.App.main(App.java:13) ~[main/:na]
Caused by: org.apache.kafka.common.KafkaException: Failed to construct kafka consumer
	at org.apache.kafka.clients.consumer.KafkaConsumer.<init>(KafkaConsumer.java:781) ~[kafka-clients-3.6.2.jar:na]
	at org.apache.kafka.clients.consumer.KafkaConsumer.<init>(KafkaConsumer.java:671) ~[kafka-clients-3.6.2.jar:na]
	at org.springframework.kafka.core.DefaultKafkaConsumerFactory$ExtendedKafkaConsumer.<init>(DefaultKafkaConsumerFactory.java:477) ~[spring-kafka-3.1.4.jar:3.1.4]
	at org.springframework.kafka.core.DefaultKafkaConsumerFactory.createRawConsumer(DefaultKafkaConsumerFactory.java:461) ~[spring-kafka-3.1.4.jar:3.1.4]
	at org.springframework.kafka.core.DefaultKafkaConsumerFactory.createKafkaConsumer(DefaultKafkaConsumerFactory.java:438) ~[spring-kafka-3.1.4.jar:3.1.4]
	at org.springframework.kafka.core.DefaultKafkaConsumerFactory.createConsumerWithAdjustedProperties(DefaultKafkaConsumerFactory.java:415) ~[spring-kafka-3.1.4.jar:3.1.4]
	at org.springframework.kafka.core.DefaultKafkaConsumerFactory.createKafkaConsumer(DefaultKafkaConsumerFactory.java:382) ~[spring-kafka-3.1.4.jar:3.1.4]
	at org.springframework.kafka.core.DefaultKafkaConsumerFactory.createConsumer(DefaultKafkaConsumerFactory.java:359) ~[spring-kafka-3.1.4.jar:3.1.4]
	at org.springframework.kafka.listener.KafkaMessageListenerContainer$ListenerConsumer.<init>(KafkaMessageListenerContainer.java:890) ~[spring-kafka-3.1.4.jar:3.1.4]
	at org.springframework.kafka.listener.KafkaMessageListenerContainer.doStart(KafkaMessageListenerContainer.java:393) ~[spring-kafka-3.1.4.jar:3.1.4]
	at org.springframework.kafka.listener.AbstractMessageListenerContainer.start(AbstractMessageListenerContainer.java:510) ~[spring-kafka-3.1.4.jar:3.1.4]
	at org.springframework.kafka.listener.ConcurrentMessageListenerContainer.doStart(ConcurrentMessageListenerContainer.java:254) ~[spring-kafka-3.1.4.jar:3.1.4]
	at org.springframework.kafka.listener.AbstractMessageListenerContainer.start(AbstractMessageListenerContainer.java:510) ~[spring-kafka-3.1.4.jar:3.1.4]
	at org.springframework.kafka.config.KafkaListenerEndpointRegistry.startIfNecessary(KafkaListenerEndpointRegistry.java:390) ~[spring-kafka-3.1.4.jar:3.1.4]
	at org.springframework.kafka.config.KafkaListenerEndpointRegistry.start(KafkaListenerEndpointRegistry.java:335) ~[spring-kafka-3.1.4.jar:3.1.4]
	at org.springframework.context.support.DefaultLifecycleProcessor.doStart(DefaultLifecycleProcessor.java:288) ~[spring-context-6.1.6.jar:6.1.6]
	... 13 common frames omitted
Caused by: org.apache.kafka.common.KafkaException: Could not find a public no-argument constructor for org.userService.deserializer.UserInfoDeserializer
	at org.apache.kafka.common.utils.Utils.newInstance(Utils.java:399) ~[kafka-clients-3.6.2.jar:na]
	at org.apache.kafka.common.config.AbstractConfig.getConfiguredInstance(AbstractConfig.java:395) ~[kafka-clients-3.6.2.jar:na]
	at org.apache.kafka.common.config.AbstractConfig.getConfiguredInstance(AbstractConfig.java:434) ~[kafka-clients-3.6.2.jar:na]
	at org.apache.kafka.common.config.AbstractConfig.getConfiguredInstance(AbstractConfig.java:419) ~[kafka-clients-3.6.2.jar:na]
	at org.apache.kafka.clients.consumer.internals.ConsumerUtils.createValueDeserializer(ConsumerUtils.java:169) ~[kafka-clients-3.6.2.jar:na]
	at org.apache.kafka.clients.consumer.KafkaConsumer.<init>(KafkaConsumer.java:702) ~[kafka-clients-3.6.2.jar:na]
	... 28 common frames omitted
Caused by: java.lang.NoSuchMethodException: org.userService.deserializer.UserInfoDeserializer.<init>()
	at java.base/java.lang.Class.getConstructor0(Class.java:3761) ~[na:na]
	at java.base/java.lang.Class.getDeclaredConstructor(Class.java:2930) ~[na:na]
	at org.apache.kafka.common.utils.Utils.newInstance(Utils.java:397) ~[kafka-clients-3.6.2.jar:na]
	... 33 common frames omitted

2025-08-26T12:05:55.078+05:30  INFO 24952 --- [main] org.userService.App                      : Starting App using Java 21.0.8 with PID 24952 (C:\Users\VIVEK\Documents\Projects\project_expence\userService\app\build\classes\java\main started by VIVEK in C:\Users\VIVEK\Documents\Projects\project_expence\userService)
2025-08-26T12:05:55.079+05:30 DEBUG 24952 --- [main] org.userService.App                      : Running with Spring Boot v3.2.5, Spring v6.1.6
2025-08-26T12:05:55.080+05:30  INFO 24952 --- [main] org.userService.App                      : No active profile set, falling back to 1 default profile: "default"
2025-08-26T12:05:55.827+05:30  INFO 24952 --- [main] .s.d.r.c.RepositoryConfigurationDelegate : Bootstrapping Spring Data JPA repositories in DEFAULT mode.
2025-08-26T12:05:55.873+05:30  INFO 24952 --- [main] .s.d.r.c.RepositoryConfigurationDelegate : Finished Spring Data repository scanning in 39 ms. Found 1 JPA repository interface.
2025-08-26T12:05:56.706+05:30  INFO 24952 --- [main] o.s.b.w.embedded.tomcat.TomcatWebServer  : Tomcat initialized with port 9090 (http)
2025-08-26T12:05:56.721+05:30  INFO 24952 --- [main] o.apache.catalina.core.StandardService   : Starting service [Tomcat]
2025-08-26T12:05:56.721+05:30  INFO 24952 --- [main] o.apache.catalina.core.StandardEngine    : Starting Servlet engine: [Apache Tomcat/10.1.20]
2025-08-26T12:05:56.791+05:30  INFO 24952 --- [main] o.a.c.c.C.[Tomcat].[localhost].[/]       : Initializing Spring embedded WebApplicationContext
2025-08-26T12:05:56.791+05:30  INFO 24952 --- [main] w.s.c.ServletWebServerApplicationContext : Root WebApplicationContext: initialization completed in 1659 ms
2025-08-26T12:05:57.289+05:30  INFO 24952 --- [main] o.hibernate.jpa.internal.util.LogHelper  : HHH000204: Processing PersistenceUnitInfo [name: default]
2025-08-26T12:05:57.349+05:30  INFO 24952 --- [main] org.hibernate.Version                    : HHH000412: Hibernate ORM core version 6.4.4.Final
2025-08-26T12:05:57.386+05:30  INFO 24952 --- [main] o.h.c.internal.RegionFactoryInitiator    : HHH000026: Second-level cache disabled
2025-08-26T12:05:57.602+05:30  INFO 24952 --- [main] o.s.o.j.p.SpringPersistenceUnitInfo      : No LoadTimeWeaver setup: ignoring JPA class transformer
2025-08-26T12:05:57.669+05:30  INFO 24952 --- [main] com.zaxxer.hikari.HikariDataSource       : HikariPool-1 - Starting...
2025-08-26T12:05:57.980+05:30  INFO 24952 --- [main] com.zaxxer.hikari.pool.HikariPool        : HikariPool-1 - Added connection com.mysql.cj.jdbc.ConnectionImpl@2cacb445
2025-08-26T12:05:57.982+05:30  INFO 24952 --- [main] com.zaxxer.hikari.HikariDataSource       : HikariPool-1 - Start completed.
2025-08-26T12:05:58.017+05:30  WARN 24952 --- [main] org.hibernate.orm.deprecation            : HHH90000025: MySQL8Dialect does not need to be specified explicitly using 'hibernate.dialect' (remove the property setting and it will be selected by default)
2025-08-26T12:05:58.018+05:30  WARN 24952 --- [main] org.hibernate.orm.deprecation            : HHH90000026: MySQL8Dialect has been deprecated; use org.hibernate.dialect.MySQLDialect instead
2025-08-26T12:05:58.663+05:30  INFO 24952 --- [main] o.h.e.t.j.p.i.JtaPlatformInitiator       : HHH000489: No JTA platform available (set 'hibernate.transaction.jta.platform' to enable JTA platform integration)
2025-08-26T12:05:58.699+05:30  INFO 24952 --- [main] j.LocalContainerEntityManagerFactoryBean : Initialized JPA EntityManagerFactory for persistence unit 'default'
2025-08-26T12:05:59.064+05:30  WARN 24952 --- [main] JpaBaseConfiguration$JpaWebConfiguration : spring.jpa.open-in-view is enabled by default. Therefore, database queries may be performed during view rendering. Explicitly configure spring.jpa.open-in-view to disable this warning
2025-08-26T12:05:59.763+05:30  INFO 24952 --- [main] o.s.b.a.e.web.EndpointLinksResolver      : Exposing 1 endpoint(s) beneath base path '/actuator'
2025-08-26T12:05:59.877+05:30  INFO 24952 --- [main] o.s.b.w.embedded.tomcat.TomcatWebServer  : Tomcat started on port 9090 (http) with context path ''
2025-08-26T12:05:59.917+05:30  INFO 24952 --- [main] o.a.k.clients.consumer.ConsumerConfig    : ConsumerConfig values: 
	allow.auto.create.topics = true
	auto.commit.interval.ms = 5000
	auto.include.jmx.reporter = true
	auto.offset.reset = earliest
	bootstrap.servers = [localhost:9092]
	check.crcs = true
	client.dns.lookup = use_all_dns_ips
	client.id = consumer-userinfo-consumer-group-1
	client.rack = 
	connections.max.idle.ms = 540000
	default.api.timeout.ms = 60000
	enable.auto.commit = false
	exclude.internal.topics = true
	fetch.max.bytes = 52428800
	fetch.max.wait.ms = 500
	fetch.min.bytes = 1
	group.id = userinfo-consumer-group
	group.instance.id = null
	heartbeat.interval.ms = 3000
	interceptor.classes = []
	internal.leave.group.on.close = true
	internal.throw.on.fetch.stable.offset.unsupported = false
	isolation.level = read_uncommitted
	key.deserializer = class org.apache.kafka.common.serialization.StringDeserializer
	max.partition.fetch.bytes = 1048576
	max.poll.interval.ms = 300000
	max.poll.records = 500
	metadata.max.age.ms = 300000
	metric.reporters = []
	metrics.num.samples = 2
	metrics.recording.level = INFO
	metrics.sample.window.ms = 30000
	partition.assignment.strategy = [class org.apache.kafka.clients.consumer.RangeAssignor, class org.apache.kafka.clients.consumer.CooperativeStickyAssignor]
	receive.buffer.bytes = 65536
	reconnect.backoff.max.ms = 1000
	reconnect.backoff.ms = 50
	request.timeout.ms = 30000
	retry.backoff.ms = 100
	sasl.client.callback.handler.class = null
	sasl.jaas.config = null
	sasl.kerberos.kinit.cmd = /usr/bin/kinit
	sasl.kerberos.min.time.before.relogin = 60000
	sasl.kerberos.service.name = null
	sasl.kerberos.ticket.renew.jitter = 0.05
	sasl.kerberos.ticket.renew.window.factor = 0.8
	sasl.login.callback.handler.class = null
	sasl.login.class = null
	sasl.login.connect.timeout.ms = null
	sasl.login.read.timeout.ms = null
	sasl.login.refresh.buffer.seconds = 300
	sasl.login.refresh.min.period.seconds = 60
	sasl.login.refresh.window.factor = 0.8
	sasl.login.refresh.window.jitter = 0.05
	sasl.login.retry.backoff.max.ms = 10000
	sasl.login.retry.backoff.ms = 100
	sasl.mechanism = GSSAPI
	sasl.oauthbearer.clock.skew.seconds = 30
	sasl.oauthbearer.expected.audience = null
	sasl.oauthbearer.expected.issuer = null
	sasl.oauthbearer.jwks.endpoint.refresh.ms = 3600000
	sasl.oauthbearer.jwks.endpoint.retry.backoff.max.ms = 10000
	sasl.oauthbearer.jwks.endpoint.retry.backoff.ms = 100
	sasl.oauthbearer.jwks.endpoint.url = null
	sasl.oauthbearer.scope.claim.name = scope
	sasl.oauthbearer.sub.claim.name = sub
	sasl.oauthbearer.token.endpoint.url = null
	security.protocol = PLAINTEXT
	security.providers = null
	send.buffer.bytes = 131072
	session.timeout.ms = 45000
	socket.connection.setup.timeout.max.ms = 30000
	socket.connection.setup.timeout.ms = 10000
	ssl.cipher.suites = null
	ssl.enabled.protocols = [TLSv1.2, TLSv1.3]
	ssl.endpoint.identification.algorithm = https
	ssl.engine.factory.class = null
	ssl.key.password = null
	ssl.keymanager.algorithm = SunX509
	ssl.keystore.certificate.chain = null
	ssl.keystore.key = null
	ssl.keystore.location = null
	ssl.keystore.password = null
	ssl.keystore.type = JKS
	ssl.protocol = TLSv1.3
	ssl.provider = null
	ssl.secure.random.implementation = null
	ssl.trustmanager.algorithm = PKIX
	ssl.truststore.certificates = null
	ssl.truststore.location = null
	ssl.truststore.password = null
	ssl.truststore.type = JKS
	value.deserializer = class org.userService.deserializer.UserInfoDeserializer

2025-08-26T12:05:59.993+05:30  INFO 24952 --- [main] o.apache.kafka.common.metrics.Metrics    : Metrics scheduler closed
2025-08-26T12:05:59.993+05:30  INFO 24952 --- [main] o.apache.kafka.common.metrics.Metrics    : Closing reporter org.apache.kafka.common.metrics.JmxReporter
2025-08-26T12:05:59.994+05:30  INFO 24952 --- [main] o.apache.kafka.common.metrics.Metrics    : Metrics reporters closed
2025-08-26T12:05:59.995+05:30  INFO 24952 --- [main] o.a.kafka.common.utils.AppInfoParser     : App info kafka.consumer for consumer-userinfo-consumer-group-1 unregistered
2025-08-26T12:06:00.010+05:30  WARN 24952 --- [main] ConfigServletWebServerApplicationContext : Exception encountered during context initialization - cancelling refresh attempt: org.springframework.context.ApplicationContextException: Failed to start bean 'org.springframework.kafka.config.internalKafkaListenerEndpointRegistry'
2025-08-26T12:06:00.013+05:30  INFO 24952 --- [main] j.LocalContainerEntityManagerFactoryBean : Closing JPA EntityManagerFactory for persistence unit 'default'
2025-08-26T12:06:00.015+05:30  INFO 24952 --- [main] com.zaxxer.hikari.HikariDataSource       : HikariPool-1 - Shutdown initiated...
2025-08-26T12:06:00.025+05:30  INFO 24952 --- [main] com.zaxxer.hikari.HikariDataSource       : HikariPool-1 - Shutdown completed.
2025-08-26T12:06:00.036+05:30  INFO 24952 --- [main] .s.b.a.l.ConditionEvaluationReportLogger : 

Error starting ApplicationContext. To display the condition evaluation report re-run your application with 'debug' enabled.
2025-08-26T12:06:00.052+05:30 ERROR 24952 --- [main] o.s.boot.SpringApplication               : Application run failed

org.springframework.context.ApplicationContextException: Failed to start bean 'org.springframework.kafka.config.internalKafkaListenerEndpointRegistry'
	at org.springframework.context.support.DefaultLifecycleProcessor.doStart(DefaultLifecycleProcessor.java:291) ~[spring-context-6.1.6.jar:6.1.6]
	at org.springframework.context.support.DefaultLifecycleProcessor$LifecycleGroup.start(DefaultLifecycleProcessor.java:471) ~[spring-context-6.1.6.jar:6.1.6]
	at java.base/java.lang.Iterable.forEach(Iterable.java:75) ~[na:na]
	at org.springframework.context.support.DefaultLifecycleProcessor.startBeans(DefaultLifecycleProcessor.java:260) ~[spring-context-6.1.6.jar:6.1.6]
	at org.springframework.context.support.DefaultLifecycleProcessor.onRefresh(DefaultLifecycleProcessor.java:205) ~[spring-context-6.1.6.jar:6.1.6]
	at org.springframework.context.support.AbstractApplicationContext.finishRefresh(AbstractApplicationContext.java:981) ~[spring-context-6.1.6.jar:6.1.6]
	at org.springframework.context.support.AbstractApplicationContext.refresh(AbstractApplicationContext.java:627) ~[spring-context-6.1.6.jar:6.1.6]
	at org.springframework.boot.web.servlet.context.ServletWebServerApplicationContext.refresh(ServletWebServerApplicationContext.java:146) ~[spring-boot-3.2.5.jar:3.2.5]
	at org.springframework.boot.SpringApplication.refresh(SpringApplication.java:754) ~[spring-boot-3.2.5.jar:3.2.5]
	at org.springframework.boot.SpringApplication.refreshContext(SpringApplication.java:456) ~[spring-boot-3.2.5.jar:3.2.5]
	at org.springframework.boot.SpringApplication.run(SpringApplication.java:334) ~[spring-boot-3.2.5.jar:3.2.5]
	at org.springframework.boot.SpringApplication.run(SpringApplication.java:1354) ~[spring-boot-3.2.5.jar:3.2.5]
	at org.springframework.boot.SpringApplication.run(SpringApplication.java:1343) ~[spring-boot-3.2.5.jar:3.2.5]
	at org.userService.App.main(App.java:13) ~[main/:na]
Caused by: org.apache.kafka.common.KafkaException: Failed to construct kafka consumer
	at org.apache.kafka.clients.consumer.KafkaConsumer.<init>(KafkaConsumer.java:781) ~[kafka-clients-3.6.2.jar:na]
	at org.apache.kafka.clients.consumer.KafkaConsumer.<init>(KafkaConsumer.java:671) ~[kafka-clients-3.6.2.jar:na]
	at org.springframework.kafka.core.DefaultKafkaConsumerFactory$ExtendedKafkaConsumer.<init>(DefaultKafkaConsumerFactory.java:477) ~[spring-kafka-3.1.4.jar:3.1.4]
	at org.springframework.kafka.core.DefaultKafkaConsumerFactory.createRawConsumer(DefaultKafkaConsumerFactory.java:461) ~[spring-kafka-3.1.4.jar:3.1.4]
	at org.springframework.kafka.core.DefaultKafkaConsumerFactory.createKafkaConsumer(DefaultKafkaConsumerFactory.java:438) ~[spring-kafka-3.1.4.jar:3.1.4]
	at org.springframework.kafka.core.DefaultKafkaConsumerFactory.createConsumerWithAdjustedProperties(DefaultKafkaConsumerFactory.java:415) ~[spring-kafka-3.1.4.jar:3.1.4]
	at org.springframework.kafka.core.DefaultKafkaConsumerFactory.createKafkaConsumer(DefaultKafkaConsumerFactory.java:382) ~[spring-kafka-3.1.4.jar:3.1.4]
	at org.springframework.kafka.core.DefaultKafkaConsumerFactory.createConsumer(DefaultKafkaConsumerFactory.java:359) ~[spring-kafka-3.1.4.jar:3.1.4]
	at org.springframework.kafka.listener.KafkaMessageListenerContainer$ListenerConsumer.<init>(KafkaMessageListenerContainer.java:890) ~[spring-kafka-3.1.4.jar:3.1.4]
	at org.springframework.kafka.listener.KafkaMessageListenerContainer.doStart(KafkaMessageListenerContainer.java:393) ~[spring-kafka-3.1.4.jar:3.1.4]
	at org.springframework.kafka.listener.AbstractMessageListenerContainer.start(AbstractMessageListenerContainer.java:510) ~[spring-kafka-3.1.4.jar:3.1.4]
	at org.springframework.kafka.listener.ConcurrentMessageListenerContainer.doStart(ConcurrentMessageListenerContainer.java:254) ~[spring-kafka-3.1.4.jar:3.1.4]
	at org.springframework.kafka.listener.AbstractMessageListenerContainer.start(AbstractMessageListenerContainer.java:510) ~[spring-kafka-3.1.4.jar:3.1.4]
	at org.springframework.kafka.config.KafkaListenerEndpointRegistry.startIfNecessary(KafkaListenerEndpointRegistry.java:390) ~[spring-kafka-3.1.4.jar:3.1.4]
	at org.springframework.kafka.config.KafkaListenerEndpointRegistry.start(KafkaListenerEndpointRegistry.java:335) ~[spring-kafka-3.1.4.jar:3.1.4]
	at org.springframework.context.support.DefaultLifecycleProcessor.doStart(DefaultLifecycleProcessor.java:288) ~[spring-context-6.1.6.jar:6.1.6]
	... 13 common frames omitted
Caused by: org.apache.kafka.common.KafkaException: Could not find a public no-argument constructor for org.userService.deserializer.UserInfoDeserializer
	at org.apache.kafka.common.utils.Utils.newInstance(Utils.java:399) ~[kafka-clients-3.6.2.jar:na]
	at org.apache.kafka.common.config.AbstractConfig.getConfiguredInstance(AbstractConfig.java:395) ~[kafka-clients-3.6.2.jar:na]
	at org.apache.kafka.common.config.AbstractConfig.getConfiguredInstance(AbstractConfig.java:434) ~[kafka-clients-3.6.2.jar:na]
	at org.apache.kafka.common.config.AbstractConfig.getConfiguredInstance(AbstractConfig.java:419) ~[kafka-clients-3.6.2.jar:na]
	at org.apache.kafka.clients.consumer.internals.ConsumerUtils.createValueDeserializer(ConsumerUtils.java:169) ~[kafka-clients-3.6.2.jar:na]
	at org.apache.kafka.clients.consumer.KafkaConsumer.<init>(KafkaConsumer.java:702) ~[kafka-clients-3.6.2.jar:na]
	... 28 common frames omitted
Caused by: java.lang.NoSuchMethodException: org.userService.deserializer.UserInfoDeserializer.<init>()
	at java.base/java.lang.Class.getConstructor0(Class.java:3761) ~[na:na]
	at java.base/java.lang.Class.getDeclaredConstructor(Class.java:2930) ~[na:na]
	at org.apache.kafka.common.utils.Utils.newInstance(Utils.java:397) ~[kafka-clients-3.6.2.jar:na]
	... 33 common frames omitted

2025-08-26T12:10:17.247+05:30  INFO 21052 --- [main] org.userService.App                      : Starting App using Java 21.0.8 with PID 21052 (C:\Users\VIVEK\Documents\Projects\project_expence\userService\app\build\classes\java\main started by VIVEK in C:\Users\VIVEK\Documents\Projects\project_expence\userService)
2025-08-26T12:10:17.249+05:30 DEBUG 21052 --- [main] org.userService.App                      : Running with Spring Boot v3.2.5, Spring v6.1.6
2025-08-26T12:10:17.249+05:30  INFO 21052 --- [main] org.userService.App                      : No active profile set, falling back to 1 default profile: "default"
2025-08-26T12:10:18.078+05:30  INFO 21052 --- [main] .s.d.r.c.RepositoryConfigurationDelegate : Bootstrapping Spring Data JPA repositories in DEFAULT mode.
2025-08-26T12:10:18.133+05:30  INFO 21052 --- [main] .s.d.r.c.RepositoryConfigurationDelegate : Finished Spring Data repository scanning in 41 ms. Found 1 JPA repository interface.
2025-08-26T12:10:18.959+05:30  INFO 21052 --- [main] o.s.b.w.embedded.tomcat.TomcatWebServer  : Tomcat initialized with port 9090 (http)
2025-08-26T12:10:18.970+05:30  INFO 21052 --- [main] o.apache.catalina.core.StandardService   : Starting service [Tomcat]
2025-08-26T12:10:18.970+05:30  INFO 21052 --- [main] o.apache.catalina.core.StandardEngine    : Starting Servlet engine: [Apache Tomcat/10.1.20]
2025-08-26T12:10:19.027+05:30  INFO 21052 --- [main] o.a.c.c.C.[Tomcat].[localhost].[/]       : Initializing Spring embedded WebApplicationContext
2025-08-26T12:10:19.027+05:30  INFO 21052 --- [main] w.s.c.ServletWebServerApplicationContext : Root WebApplicationContext: initialization completed in 1734 ms
2025-08-26T12:10:19.475+05:30  INFO 21052 --- [main] o.hibernate.jpa.internal.util.LogHelper  : HHH000204: Processing PersistenceUnitInfo [name: default]
2025-08-26T12:10:19.533+05:30  INFO 21052 --- [main] org.hibernate.Version                    : HHH000412: Hibernate ORM core version 6.4.4.Final
2025-08-26T12:10:19.570+05:30  INFO 21052 --- [main] o.h.c.internal.RegionFactoryInitiator    : HHH000026: Second-level cache disabled
2025-08-26T12:10:19.795+05:30  INFO 21052 --- [main] o.s.o.j.p.SpringPersistenceUnitInfo      : No LoadTimeWeaver setup: ignoring JPA class transformer
2025-08-26T12:10:19.851+05:30  INFO 21052 --- [main] com.zaxxer.hikari.HikariDataSource       : HikariPool-1 - Starting...
2025-08-26T12:10:20.168+05:30  INFO 21052 --- [main] com.zaxxer.hikari.pool.HikariPool        : HikariPool-1 - Added connection com.mysql.cj.jdbc.ConnectionImpl@539ee811
2025-08-26T12:10:20.171+05:30  INFO 21052 --- [main] com.zaxxer.hikari.HikariDataSource       : HikariPool-1 - Start completed.
2025-08-26T12:10:20.213+05:30  WARN 21052 --- [main] org.hibernate.orm.deprecation            : HHH90000025: MySQL8Dialect does not need to be specified explicitly using 'hibernate.dialect' (remove the property setting and it will be selected by default)
2025-08-26T12:10:20.213+05:30  WARN 21052 --- [main] org.hibernate.orm.deprecation            : HHH90000026: MySQL8Dialect has been deprecated; use org.hibernate.dialect.MySQLDialect instead
2025-08-26T12:10:20.867+05:30  INFO 21052 --- [main] o.h.e.t.j.p.i.JtaPlatformInitiator       : HHH000489: No JTA platform available (set 'hibernate.transaction.jta.platform' to enable JTA platform integration)
2025-08-26T12:10:20.909+05:30  INFO 21052 --- [main] j.LocalContainerEntityManagerFactoryBean : Initialized JPA EntityManagerFactory for persistence unit 'default'
2025-08-26T12:10:21.269+05:30  WARN 21052 --- [main] JpaBaseConfiguration$JpaWebConfiguration : spring.jpa.open-in-view is enabled by default. Therefore, database queries may be performed during view rendering. Explicitly configure spring.jpa.open-in-view to disable this warning
2025-08-26T12:10:21.897+05:30  INFO 21052 --- [main] o.s.b.a.e.web.EndpointLinksResolver      : Exposing 1 endpoint(s) beneath base path '/actuator'
2025-08-26T12:10:22.020+05:30  INFO 21052 --- [main] o.s.b.w.embedded.tomcat.TomcatWebServer  : Tomcat started on port 9090 (http) with context path ''
2025-08-26T12:10:22.060+05:30  INFO 21052 --- [main] o.a.k.clients.consumer.ConsumerConfig    : ConsumerConfig values: 
	allow.auto.create.topics = true
	auto.commit.interval.ms = 5000
	auto.include.jmx.reporter = true
	auto.offset.reset = earliest
	bootstrap.servers = [localhost:9092]
	check.crcs = true
	client.dns.lookup = use_all_dns_ips
	client.id = consumer-userinfo-consumer-group-1
	client.rack = 
	connections.max.idle.ms = 540000
	default.api.timeout.ms = 60000
	enable.auto.commit = false
	exclude.internal.topics = true
	fetch.max.bytes = 52428800
	fetch.max.wait.ms = 500
	fetch.min.bytes = 1
	group.id = userinfo-consumer-group
	group.instance.id = null
	heartbeat.interval.ms = 3000
	interceptor.classes = []
	internal.leave.group.on.close = true
	internal.throw.on.fetch.stable.offset.unsupported = false
	isolation.level = read_uncommitted
	key.deserializer = class org.apache.kafka.common.serialization.StringDeserializer
	max.partition.fetch.bytes = 1048576
	max.poll.interval.ms = 300000
	max.poll.records = 500
	metadata.max.age.ms = 300000
	metric.reporters = []
	metrics.num.samples = 2
	metrics.recording.level = INFO
	metrics.sample.window.ms = 30000
	partition.assignment.strategy = [class org.apache.kafka.clients.consumer.RangeAssignor, class org.apache.kafka.clients.consumer.CooperativeStickyAssignor]
	receive.buffer.bytes = 65536
	reconnect.backoff.max.ms = 1000
	reconnect.backoff.ms = 50
	request.timeout.ms = 30000
	retry.backoff.ms = 100
	sasl.client.callback.handler.class = null
	sasl.jaas.config = null
	sasl.kerberos.kinit.cmd = /usr/bin/kinit
	sasl.kerberos.min.time.before.relogin = 60000
	sasl.kerberos.service.name = null
	sasl.kerberos.ticket.renew.jitter = 0.05
	sasl.kerberos.ticket.renew.window.factor = 0.8
	sasl.login.callback.handler.class = null
	sasl.login.class = null
	sasl.login.connect.timeout.ms = null
	sasl.login.read.timeout.ms = null
	sasl.login.refresh.buffer.seconds = 300
	sasl.login.refresh.min.period.seconds = 60
	sasl.login.refresh.window.factor = 0.8
	sasl.login.refresh.window.jitter = 0.05
	sasl.login.retry.backoff.max.ms = 10000
	sasl.login.retry.backoff.ms = 100
	sasl.mechanism = GSSAPI
	sasl.oauthbearer.clock.skew.seconds = 30
	sasl.oauthbearer.expected.audience = null
	sasl.oauthbearer.expected.issuer = null
	sasl.oauthbearer.jwks.endpoint.refresh.ms = 3600000
	sasl.oauthbearer.jwks.endpoint.retry.backoff.max.ms = 10000
	sasl.oauthbearer.jwks.endpoint.retry.backoff.ms = 100
	sasl.oauthbearer.jwks.endpoint.url = null
	sasl.oauthbearer.scope.claim.name = scope
	sasl.oauthbearer.sub.claim.name = sub
	sasl.oauthbearer.token.endpoint.url = null
	security.protocol = PLAINTEXT
	security.providers = null
	send.buffer.bytes = 131072
	session.timeout.ms = 45000
	socket.connection.setup.timeout.max.ms = 30000
	socket.connection.setup.timeout.ms = 10000
	ssl.cipher.suites = null
	ssl.enabled.protocols = [TLSv1.2, TLSv1.3]
	ssl.endpoint.identification.algorithm = https
	ssl.engine.factory.class = null
	ssl.key.password = null
	ssl.keymanager.algorithm = SunX509
	ssl.keystore.certificate.chain = null
	ssl.keystore.key = null
	ssl.keystore.location = null
	ssl.keystore.password = null
	ssl.keystore.type = JKS
	ssl.protocol = TLSv1.3
	ssl.provider = null
	ssl.secure.random.implementation = null
	ssl.trustmanager.algorithm = PKIX
	ssl.truststore.certificates = null
	ssl.truststore.location = null
	ssl.truststore.password = null
	ssl.truststore.type = JKS
	value.deserializer = class org.userService.deserializer.UserInfoDeserializer

2025-08-26T12:10:22.282+05:30  INFO 21052 --- [main] o.a.kafka.common.utils.AppInfoParser     : Kafka version: 3.6.2
2025-08-26T12:10:22.282+05:30  INFO 21052 --- [main] o.a.kafka.common.utils.AppInfoParser     : Kafka commitId: c4deed513057c94e
2025-08-26T12:10:22.282+05:30  INFO 21052 --- [main] o.a.kafka.common.utils.AppInfoParser     : Kafka startTimeMs: 1756190422280
2025-08-26T12:10:22.294+05:30  INFO 21052 --- [main] fkaConsumerFactory$ExtendedKafkaConsumer : [Consumer clientId=consumer-userinfo-consumer-group-1, groupId=userinfo-consumer-group] Subscribed to topic(s): userinfo_json
2025-08-26T12:10:22.312+05:30  INFO 21052 --- [main] org.userService.App                      : Started App in 5.429 seconds (process running for 5.736)
2025-08-26T12:10:22.844+05:30  WARN 21052 --- [org.springframework.kafka.KafkaListenerEndpointContainer#0-0-C-1] org.apache.kafka.clients.NetworkClient   : [Consumer clientId=consumer-userinfo-consumer-group-1, groupId=userinfo-consumer-group] Error while fetching metadata with correlation id 2 : {userinfo_json=LEADER_NOT_AVAILABLE}
2025-08-26T12:10:22.846+05:30  INFO 21052 --- [org.springframework.kafka.KafkaListenerEndpointContainer#0-0-C-1] org.apache.kafka.clients.Metadata        : [Consumer clientId=consumer-userinfo-consumer-group-1, groupId=userinfo-consumer-group] Cluster ID: prG7UUdBQx-FsTUT5D00Vg
2025-08-26T12:10:22.963+05:30  WARN 21052 --- [org.springframework.kafka.KafkaListenerEndpointContainer#0-0-C-1] org.apache.kafka.clients.NetworkClient   : [Consumer clientId=consumer-userinfo-consumer-group-1, groupId=userinfo-consumer-group] Error while fetching metadata with correlation id 4 : {userinfo_json=LEADER_NOT_AVAILABLE}
2025-08-26T12:10:23.407+05:30  INFO 21052 --- [org.springframework.kafka.KafkaListenerEndpointContainer#0-0-C-1] o.a.k.c.c.internals.ConsumerCoordinator  : [Consumer clientId=consumer-userinfo-consumer-group-1, groupId=userinfo-consumer-group] Discovered group coordinator localhost:9092 (id: 2147483646 rack: null)
2025-08-26T12:10:23.410+05:30  INFO 21052 --- [org.springframework.kafka.KafkaListenerEndpointContainer#0-0-C-1] o.a.k.c.c.internals.ConsumerCoordinator  : [Consumer clientId=consumer-userinfo-consumer-group-1, groupId=userinfo-consumer-group] (Re-)joining group
2025-08-26T12:10:23.437+05:30  INFO 21052 --- [org.springframework.kafka.KafkaListenerEndpointContainer#0-0-C-1] o.a.k.c.c.internals.ConsumerCoordinator  : [Consumer clientId=consumer-userinfo-consumer-group-1, groupId=userinfo-consumer-group] Request joining group due to: need to re-join with the given member-id: consumer-userinfo-consumer-group-1-e28db08f-16bf-44b5-92da-76288395ddf4
2025-08-26T12:10:23.437+05:30  INFO 21052 --- [org.springframework.kafka.KafkaListenerEndpointContainer#0-0-C-1] o.a.k.c.c.internals.ConsumerCoordinator  : [Consumer clientId=consumer-userinfo-consumer-group-1, groupId=userinfo-consumer-group] Request joining group due to: rebalance failed due to 'The group member needs to have a valid member id before actually entering a consumer group.' (MemberIdRequiredException)
2025-08-26T12:10:23.437+05:30  INFO 21052 --- [org.springframework.kafka.KafkaListenerEndpointContainer#0-0-C-1] o.a.k.c.c.internals.ConsumerCoordinator  : [Consumer clientId=consumer-userinfo-consumer-group-1, groupId=userinfo-consumer-group] (Re-)joining group
2025-08-26T12:10:26.387+05:30  INFO 21052 --- [org.springframework.kafka.KafkaListenerEndpointContainer#0-0-C-1] o.a.k.c.c.internals.ConsumerCoordinator  : [Consumer clientId=consumer-userinfo-consumer-group-1, groupId=userinfo-consumer-group] Successfully joined group with generation Generation{generationId=1, memberId='consumer-userinfo-consumer-group-1-e28db08f-16bf-44b5-92da-76288395ddf4', protocol='range'}
2025-08-26T12:10:26.393+05:30  INFO 21052 --- [org.springframework.kafka.KafkaListenerEndpointContainer#0-0-C-1] o.a.k.c.c.internals.ConsumerCoordinator  : [Consumer clientId=consumer-userinfo-consumer-group-1, groupId=userinfo-consumer-group] Finished assignment for group at generation 1: {consumer-userinfo-consumer-group-1-e28db08f-16bf-44b5-92da-76288395ddf4=Assignment(partitions=[userinfo_json-0])}
2025-08-26T12:10:26.440+05:30  INFO 21052 --- [org.springframework.kafka.KafkaListenerEndpointContainer#0-0-C-1] o.a.k.c.c.internals.ConsumerCoordinator  : [Consumer clientId=consumer-userinfo-consumer-group-1, groupId=userinfo-consumer-group] Successfully synced group in generation Generation{generationId=1, memberId='consumer-userinfo-consumer-group-1-e28db08f-16bf-44b5-92da-76288395ddf4', protocol='range'}
2025-08-26T12:10:26.440+05:30  INFO 21052 --- [org.springframework.kafka.KafkaListenerEndpointContainer#0-0-C-1] o.a.k.c.c.internals.ConsumerCoordinator  : [Consumer clientId=consumer-userinfo-consumer-group-1, groupId=userinfo-consumer-group] Notifying assignor about the new Assignment(partitions=[userinfo_json-0])
2025-08-26T12:10:26.442+05:30  INFO 21052 --- [org.springframework.kafka.KafkaListenerEndpointContainer#0-0-C-1] o.a.k.c.c.internals.ConsumerCoordinator  : [Consumer clientId=consumer-userinfo-consumer-group-1, groupId=userinfo-consumer-group] Adding newly assigned partitions: userinfo_json-0
2025-08-26T12:10:26.458+05:30  INFO 21052 --- [org.springframework.kafka.KafkaListenerEndpointContainer#0-0-C-1] o.a.k.c.c.internals.ConsumerCoordinator  : [Consumer clientId=consumer-userinfo-consumer-group-1, groupId=userinfo-consumer-group] Found no committed offset for partition userinfo_json-0
2025-08-26T12:10:26.480+05:30  INFO 21052 --- [org.springframework.kafka.KafkaListenerEndpointContainer#0-0-C-1] o.a.k.c.c.internals.SubscriptionState    : [Consumer clientId=consumer-userinfo-consumer-group-1, groupId=userinfo-consumer-group] Resetting offset for partition userinfo_json-0 to position FetchPosition{offset=0, offsetEpoch=Optional.empty, currentLeader=LeaderAndEpoch{leader=Optional[localhost:9092 (id: 1 rack: null)], epoch=0}}.
2025-08-26T12:10:26.481+05:30  INFO 21052 --- [org.springframework.kafka.KafkaListenerEndpointContainer#0-0-C-1] o.s.k.l.KafkaMessageListenerContainer    : userinfo-consumer-group : partitions assigned: [userinfo_json-0]
2025-08-26T12:11:22.474+05:30 ERROR 21052 --- [org.springframework.kafka.KafkaListenerEndpointContainer#0-0-C-1] o.u.consumer.AuthServiceConsumer         :  Error processing Kafka message: Identifier of entity 'org.userService.entities.UserEntity' must be manually assigned before calling 'persist()'

org.springframework.orm.jpa.JpaSystemException: Identifier of entity 'org.userService.entities.UserEntity' must be manually assigned before calling 'persist()'
	at org.springframework.orm.jpa.vendor.HibernateJpaDialect.convertHibernateAccessException(HibernateJpaDialect.java:341) ~[spring-orm-6.1.6.jar:6.1.6]
	at org.springframework.orm.jpa.vendor.HibernateJpaDialect.translateExceptionIfPossible(HibernateJpaDialect.java:241) ~[spring-orm-6.1.6.jar:6.1.6]
	at org.springframework.orm.jpa.AbstractEntityManagerFactoryBean.translateExceptionIfPossible(AbstractEntityManagerFactoryBean.java:550) ~[spring-orm-6.1.6.jar:6.1.6]
	at org.springframework.dao.support.ChainedPersistenceExceptionTranslator.translateExceptionIfPossible(ChainedPersistenceExceptionTranslator.java:61) ~[spring-tx-6.1.6.jar:6.1.6]
	at org.springframework.dao.support.DataAccessUtils.translateIfNecessary(DataAccessUtils.java:335) ~[spring-tx-6.1.6.jar:6.1.6]
	at org.springframework.dao.support.PersistenceExceptionTranslationInterceptor.invoke(PersistenceExceptionTranslationInterceptor.java:152) ~[spring-tx-6.1.6.jar:6.1.6]
	at org.springframework.aop.framework.ReflectiveMethodInvocation.proceed(ReflectiveMethodInvocation.java:184) ~[spring-aop-6.1.6.jar:6.1.6]
	at org.springframework.data.jpa.repository.support.CrudMethodMetadataPostProcessor$CrudMethodMetadataPopulatingMethodInterceptor.invoke(CrudMethodMetadataPostProcessor.java:164) ~[spring-data-jpa-3.2.5.jar:3.2.5]
	at org.springframework.aop.framework.ReflectiveMethodInvocation.proceed(ReflectiveMethodInvocation.java:184) ~[spring-aop-6.1.6.jar:6.1.6]
	at org.springframework.aop.interceptor.ExposeInvocationInterceptor.invoke(ExposeInvocationInterceptor.java:97) ~[spring-aop-6.1.6.jar:6.1.6]
	at org.springframework.aop.framework.ReflectiveMethodInvocation.proceed(ReflectiveMethodInvocation.java:184) ~[spring-aop-6.1.6.jar:6.1.6]
	at org.springframework.aop.framework.JdkDynamicAopProxy.invoke(JdkDynamicAopProxy.java:223) ~[spring-aop-6.1.6.jar:6.1.6]
	at jdk.proxy2/jdk.proxy2.$Proxy135.save(Unknown Source) ~[na:na]
	at org.userService.consumer.AuthServiceConsumer.listen(AuthServiceConsumer.java:33) ~[main/:na]
	at java.base/jdk.internal.reflect.DirectMethodHandleAccessor.invoke(DirectMethodHandleAccessor.java:103) ~[na:na]
	at java.base/java.lang.reflect.Method.invoke(Method.java:580) ~[na:na]
	at org.springframework.messaging.handler.invocation.InvocableHandlerMethod.doInvoke(InvocableHandlerMethod.java:169) ~[spring-messaging-6.1.6.jar:6.1.6]
	at org.springframework.messaging.handler.invocation.InvocableHandlerMethod.invoke(InvocableHandlerMethod.java:119) ~[spring-messaging-6.1.6.jar:6.1.6]
	at org.springframework.kafka.listener.adapter.HandlerAdapter.invoke(HandlerAdapter.java:56) ~[spring-kafka-3.1.4.jar:3.1.4]
	at org.springframework.kafka.listener.adapter.MessagingMessageListenerAdapter.invokeHandler(MessagingMessageListenerAdapter.java:376) ~[spring-kafka-3.1.4.jar:3.1.4]
	at org.springframework.kafka.listener.adapter.RecordMessagingMessageListenerAdapter.onMessage(RecordMessagingMessageListenerAdapter.java:92) ~[spring-kafka-3.1.4.jar:3.1.4]
	at org.springframework.kafka.listener.adapter.RecordMessagingMessageListenerAdapter.onMessage(RecordMessagingMessageListenerAdapter.java:53) ~[spring-kafka-3.1.4.jar:3.1.4]
	at org.springframework.kafka.listener.KafkaMessageListenerContainer$ListenerConsumer.doInvokeOnMessage(KafkaMessageListenerContainer.java:2888) ~[spring-kafka-3.1.4.jar:3.1.4]
	at org.springframework.kafka.listener.KafkaMessageListenerContainer$ListenerConsumer.invokeOnMessage(KafkaMessageListenerContainer.java:2866) ~[spring-kafka-3.1.4.jar:3.1.4]
	at org.springframework.kafka.listener.KafkaMessageListenerContainer$ListenerConsumer.lambda$doInvokeRecordListener$55(KafkaMessageListenerContainer.java:2783) ~[spring-kafka-3.1.4.jar:3.1.4]
	at io.micrometer.observation.Observation.observe(Observation.java:565) ~[micrometer-observation-1.12.5.jar:1.12.5]
	at org.springframework.kafka.listener.KafkaMessageListenerContainer$ListenerConsumer.doInvokeRecordListener(KafkaMessageListenerContainer.java:2781) ~[spring-kafka-3.1.4.jar:3.1.4]
	at org.springframework.kafka.listener.KafkaMessageListenerContainer$ListenerConsumer.doInvokeWithRecords(KafkaMessageListenerContainer.java:2631) ~[spring-kafka-3.1.4.jar:3.1.4]
	at org.springframework.kafka.listener.KafkaMessageListenerContainer$ListenerConsumer.invokeRecordListener(KafkaMessageListenerContainer.java:2517) ~[spring-kafka-3.1.4.jar:3.1.4]
	at org.springframework.kafka.listener.KafkaMessageListenerContainer$ListenerConsumer.invokeListener(KafkaMessageListenerContainer.java:2155) ~[spring-kafka-3.1.4.jar:3.1.4]
	at org.springframework.kafka.listener.KafkaMessageListenerContainer$ListenerConsumer.invokeIfHaveRecords(KafkaMessageListenerContainer.java:1495) ~[spring-kafka-3.1.4.jar:3.1.4]
	at org.springframework.kafka.listener.KafkaMessageListenerContainer$ListenerConsumer.pollAndInvoke(KafkaMessageListenerContainer.java:1460) ~[spring-kafka-3.1.4.jar:3.1.4]
	at org.springframework.kafka.listener.KafkaMessageListenerContainer$ListenerConsumer.run(KafkaMessageListenerContainer.java:1330) ~[spring-kafka-3.1.4.jar:3.1.4]
	at java.base/java.util.concurrent.CompletableFuture$AsyncRun.run(CompletableFuture.java:1804) ~[na:na]
	at java.base/java.lang.Thread.run(Thread.java:1583) ~[na:na]
Caused by: org.hibernate.id.IdentifierGenerationException: Identifier of entity 'org.userService.entities.UserEntity' must be manually assigned before calling 'persist()'
	at org.hibernate.event.internal.AbstractSaveEventListener.performSave(AbstractSaveEventListener.java:204) ~[hibernate-core-6.4.4.Final.jar:6.4.4.Final]
	at org.hibernate.event.internal.AbstractSaveEventListener.saveWithGeneratedId(AbstractSaveEventListener.java:134) ~[hibernate-core-6.4.4.Final.jar:6.4.4.Final]
	at org.hibernate.event.internal.DefaultPersistEventListener.entityIsTransient(DefaultPersistEventListener.java:175) ~[hibernate-core-6.4.4.Final.jar:6.4.4.Final]
	at org.hibernate.event.internal.DefaultPersistEventListener.persist(DefaultPersistEventListener.java:93) ~[hibernate-core-6.4.4.Final.jar:6.4.4.Final]
	at org.hibernate.event.internal.DefaultPersistEventListener.onPersist(DefaultPersistEventListener.java:77) ~[hibernate-core-6.4.4.Final.jar:6.4.4.Final]
	at org.hibernate.event.internal.DefaultPersistEventListener.onPersist(DefaultPersistEventListener.java:54) ~[hibernate-core-6.4.4.Final.jar:6.4.4.Final]
	at org.hibernate.event.service.internal.EventListenerGroupImpl.fireEventOnEachListener(EventListenerGroupImpl.java:127) ~[hibernate-core-6.4.4.Final.jar:6.4.4.Final]
	at org.hibernate.internal.SessionImpl.firePersist(SessionImpl.java:754) ~[hibernate-core-6.4.4.Final.jar:6.4.4.Final]
	at org.hibernate.internal.SessionImpl.persist(SessionImpl.java:738) ~[hibernate-core-6.4.4.Final.jar:6.4.4.Final]
	at java.base/jdk.internal.reflect.DirectMethodHandleAccessor.invoke(DirectMethodHandleAccessor.java:103) ~[na:na]
	at java.base/java.lang.reflect.Method.invoke(Method.java:580) ~[na:na]
	at org.springframework.orm.jpa.SharedEntityManagerCreator$SharedEntityManagerInvocationHandler.invoke(SharedEntityManagerCreator.java:319) ~[spring-orm-6.1.6.jar:6.1.6]
	at jdk.proxy2/jdk.proxy2.$Proxy131.persist(Unknown Source) ~[na:na]
	at org.springframework.data.jpa.repository.support.SimpleJpaRepository.save(SimpleJpaRepository.java:618) ~[spring-data-jpa-3.2.5.jar:3.2.5]
	at java.base/jdk.internal.reflect.DirectMethodHandleAccessor.invoke(DirectMethodHandleAccessor.java:103) ~[na:na]
	at java.base/java.lang.reflect.Method.invoke(Method.java:580) ~[na:na]
	at org.springframework.aop.support.AopUtils.invokeJoinpointUsingReflection(AopUtils.java:354) ~[spring-aop-6.1.6.jar:6.1.6]
	at org.springframework.data.repository.core.support.RepositoryMethodInvoker$RepositoryFragmentMethodInvoker.lambda$new$0(RepositoryMethodInvoker.java:277) ~[spring-data-commons-3.2.5.jar:3.2.5]
	at org.springframework.data.repository.core.support.RepositoryMethodInvoker.doInvoke(RepositoryMethodInvoker.java:170) ~[spring-data-commons-3.2.5.jar:3.2.5]
	at org.springframework.data.repository.core.support.RepositoryMethodInvoker.invoke(RepositoryMethodInvoker.java:158) ~[spring-data-commons-3.2.5.jar:3.2.5]
	at org.springframework.data.repository.core.support.RepositoryComposition$RepositoryFragments.invoke(RepositoryComposition.java:516) ~[spring-data-commons-3.2.5.jar:3.2.5]
	at org.springframework.data.repository.core.support.RepositoryComposition.invoke(RepositoryComposition.java:285) ~[spring-data-commons-3.2.5.jar:3.2.5]
	at org.springframework.data.repository.core.support.RepositoryFactorySupport$ImplementationMethodExecutionInterceptor.invoke(RepositoryFactorySupport.java:628) ~[spring-data-commons-3.2.5.jar:3.2.5]
	at org.springframework.aop.framework.ReflectiveMethodInvocation.proceed(ReflectiveMethodInvocation.java:184) ~[spring-aop-6.1.6.jar:6.1.6]
	at org.springframework.data.repository.core.support.QueryExecutorMethodInterceptor.doInvoke(QueryExecutorMethodInterceptor.java:168) ~[spring-data-commons-3.2.5.jar:3.2.5]
	at org.springframework.data.repository.core.support.QueryExecutorMethodInterceptor.invoke(QueryExecutorMethodInterceptor.java:143) ~[spring-data-commons-3.2.5.jar:3.2.5]
	at org.springframework.aop.framework.ReflectiveMethodInvocation.proceed(ReflectiveMethodInvocation.java:184) ~[spring-aop-6.1.6.jar:6.1.6]
	at org.springframework.transaction.interceptor.TransactionInterceptor$1.proceedWithInvocation(TransactionInterceptor.java:123) ~[spring-tx-6.1.6.jar:6.1.6]
	at org.springframework.transaction.interceptor.TransactionAspectSupport.invokeWithinTransaction(TransactionAspectSupport.java:392) ~[spring-tx-6.1.6.jar:6.1.6]
	at org.springframework.transaction.interceptor.TransactionInterceptor.invoke(TransactionInterceptor.java:119) ~[spring-tx-6.1.6.jar:6.1.6]
	at org.springframework.aop.framework.ReflectiveMethodInvocation.proceed(ReflectiveMethodInvocation.java:184) ~[spring-aop-6.1.6.jar:6.1.6]
	at org.springframework.dao.support.PersistenceExceptionTranslationInterceptor.invoke(PersistenceExceptionTranslationInterceptor.java:137) ~[spring-tx-6.1.6.jar:6.1.6]
	... 29 common frames omitted

2025-08-26T12:17:55.170+05:30  INFO 8376 --- [main] org.userService.App                      : Starting App using Java 21.0.8 with PID 8376 (C:\Users\VIVEK\Documents\Projects\project_expence\userService\app\build\classes\java\main started by VIVEK in C:\Users\VIVEK\Documents\Projects\project_expence\userService)
2025-08-26T12:17:55.172+05:30 DEBUG 8376 --- [main] org.userService.App                      : Running with Spring Boot v3.2.5, Spring v6.1.6
2025-08-26T12:17:55.172+05:30  INFO 8376 --- [main] org.userService.App                      : No active profile set, falling back to 1 default profile: "default"
2025-08-26T12:17:55.901+05:30  INFO 8376 --- [main] .s.d.r.c.RepositoryConfigurationDelegate : Bootstrapping Spring Data JPA repositories in DEFAULT mode.
2025-08-26T12:17:55.952+05:30  INFO 8376 --- [main] .s.d.r.c.RepositoryConfigurationDelegate : Finished Spring Data repository scanning in 43 ms. Found 1 JPA repository interface.
2025-08-26T12:17:56.712+05:30  INFO 8376 --- [main] o.s.b.w.embedded.tomcat.TomcatWebServer  : Tomcat initialized with port 9090 (http)
2025-08-26T12:17:56.734+05:30  INFO 8376 --- [main] o.apache.catalina.core.StandardService   : Starting service [Tomcat]
2025-08-26T12:17:56.734+05:30  INFO 8376 --- [main] o.apache.catalina.core.StandardEngine    : Starting Servlet engine: [Apache Tomcat/10.1.20]
2025-08-26T12:17:56.791+05:30  INFO 8376 --- [main] o.a.c.c.C.[Tomcat].[localhost].[/]       : Initializing Spring embedded WebApplicationContext
2025-08-26T12:17:56.791+05:30  INFO 8376 --- [main] w.s.c.ServletWebServerApplicationContext : Root WebApplicationContext: initialization completed in 1572 ms
2025-08-26T12:17:57.191+05:30  INFO 8376 --- [main] o.hibernate.jpa.internal.util.LogHelper  : HHH000204: Processing PersistenceUnitInfo [name: default]
2025-08-26T12:17:57.244+05:30  INFO 8376 --- [main] org.hibernate.Version                    : HHH000412: Hibernate ORM core version 6.4.4.Final
2025-08-26T12:17:57.277+05:30  INFO 8376 --- [main] o.h.c.internal.RegionFactoryInitiator    : HHH000026: Second-level cache disabled
2025-08-26T12:17:57.487+05:30  INFO 8376 --- [main] o.s.o.j.p.SpringPersistenceUnitInfo      : No LoadTimeWeaver setup: ignoring JPA class transformer
2025-08-26T12:17:57.544+05:30  INFO 8376 --- [main] com.zaxxer.hikari.HikariDataSource       : HikariPool-1 - Starting...
2025-08-26T12:17:57.863+05:30  INFO 8376 --- [main] com.zaxxer.hikari.pool.HikariPool        : HikariPool-1 - Added connection com.mysql.cj.jdbc.ConnectionImpl@30133a11
2025-08-26T12:17:57.866+05:30  INFO 8376 --- [main] com.zaxxer.hikari.HikariDataSource       : HikariPool-1 - Start completed.
2025-08-26T12:17:57.908+05:30  WARN 8376 --- [main] org.hibernate.orm.deprecation            : HHH90000025: MySQL8Dialect does not need to be specified explicitly using 'hibernate.dialect' (remove the property setting and it will be selected by default)
2025-08-26T12:17:57.909+05:30  WARN 8376 --- [main] org.hibernate.orm.deprecation            : HHH90000026: MySQL8Dialect has been deprecated; use org.hibernate.dialect.MySQLDialect instead
2025-08-26T12:17:58.571+05:30  INFO 8376 --- [main] o.h.e.t.j.p.i.JtaPlatformInitiator       : HHH000489: No JTA platform available (set 'hibernate.transaction.jta.platform' to enable JTA platform integration)
2025-08-26T12:17:58.615+05:30  INFO 8376 --- [main] j.LocalContainerEntityManagerFactoryBean : Initialized JPA EntityManagerFactory for persistence unit 'default'
2025-08-26T12:17:58.952+05:30  WARN 8376 --- [main] JpaBaseConfiguration$JpaWebConfiguration : spring.jpa.open-in-view is enabled by default. Therefore, database queries may be performed during view rendering. Explicitly configure spring.jpa.open-in-view to disable this warning
2025-08-26T12:17:59.740+05:30  INFO 8376 --- [main] o.s.b.a.e.web.EndpointLinksResolver      : Exposing 1 endpoint(s) beneath base path '/actuator'
2025-08-26T12:17:59.909+05:30  INFO 8376 --- [main] o.s.b.w.embedded.tomcat.TomcatWebServer  : Tomcat started on port 9090 (http) with context path ''
2025-08-26T12:17:59.947+05:30  INFO 8376 --- [main] o.a.k.clients.consumer.ConsumerConfig    : ConsumerConfig values: 
	allow.auto.create.topics = true
	auto.commit.interval.ms = 5000
	auto.include.jmx.reporter = true
	auto.offset.reset = earliest
	bootstrap.servers = [localhost:9092]
	check.crcs = true
	client.dns.lookup = use_all_dns_ips
	client.id = consumer-userinfo-consumer-group-1
	client.rack = 
	connections.max.idle.ms = 540000
	default.api.timeout.ms = 60000
	enable.auto.commit = false
	exclude.internal.topics = true
	fetch.max.bytes = 52428800
	fetch.max.wait.ms = 500
	fetch.min.bytes = 1
	group.id = userinfo-consumer-group
	group.instance.id = null
	heartbeat.interval.ms = 3000
	interceptor.classes = []
	internal.leave.group.on.close = true
	internal.throw.on.fetch.stable.offset.unsupported = false
	isolation.level = read_uncommitted
	key.deserializer = class org.apache.kafka.common.serialization.StringDeserializer
	max.partition.fetch.bytes = 1048576
	max.poll.interval.ms = 300000
	max.poll.records = 500
	metadata.max.age.ms = 300000
	metric.reporters = []
	metrics.num.samples = 2
	metrics.recording.level = INFO
	metrics.sample.window.ms = 30000
	partition.assignment.strategy = [class org.apache.kafka.clients.consumer.RangeAssignor, class org.apache.kafka.clients.consumer.CooperativeStickyAssignor]
	receive.buffer.bytes = 65536
	reconnect.backoff.max.ms = 1000
	reconnect.backoff.ms = 50
	request.timeout.ms = 30000
	retry.backoff.ms = 100
	sasl.client.callback.handler.class = null
	sasl.jaas.config = null
	sasl.kerberos.kinit.cmd = /usr/bin/kinit
	sasl.kerberos.min.time.before.relogin = 60000
	sasl.kerberos.service.name = null
	sasl.kerberos.ticket.renew.jitter = 0.05
	sasl.kerberos.ticket.renew.window.factor = 0.8
	sasl.login.callback.handler.class = null
	sasl.login.class = null
	sasl.login.connect.timeout.ms = null
	sasl.login.read.timeout.ms = null
	sasl.login.refresh.buffer.seconds = 300
	sasl.login.refresh.min.period.seconds = 60
	sasl.login.refresh.window.factor = 0.8
	sasl.login.refresh.window.jitter = 0.05
	sasl.login.retry.backoff.max.ms = 10000
	sasl.login.retry.backoff.ms = 100
	sasl.mechanism = GSSAPI
	sasl.oauthbearer.clock.skew.seconds = 30
	sasl.oauthbearer.expected.audience = null
	sasl.oauthbearer.expected.issuer = null
	sasl.oauthbearer.jwks.endpoint.refresh.ms = 3600000
	sasl.oauthbearer.jwks.endpoint.retry.backoff.max.ms = 10000
	sasl.oauthbearer.jwks.endpoint.retry.backoff.ms = 100
	sasl.oauthbearer.jwks.endpoint.url = null
	sasl.oauthbearer.scope.claim.name = scope
	sasl.oauthbearer.sub.claim.name = sub
	sasl.oauthbearer.token.endpoint.url = null
	security.protocol = PLAINTEXT
	security.providers = null
	send.buffer.bytes = 131072
	session.timeout.ms = 45000
	socket.connection.setup.timeout.max.ms = 30000
	socket.connection.setup.timeout.ms = 10000
	ssl.cipher.suites = null
	ssl.enabled.protocols = [TLSv1.2, TLSv1.3]
	ssl.endpoint.identification.algorithm = https
	ssl.engine.factory.class = null
	ssl.key.password = null
	ssl.keymanager.algorithm = SunX509
	ssl.keystore.certificate.chain = null
	ssl.keystore.key = null
	ssl.keystore.location = null
	ssl.keystore.password = null
	ssl.keystore.type = JKS
	ssl.protocol = TLSv1.3
	ssl.provider = null
	ssl.secure.random.implementation = null
	ssl.trustmanager.algorithm = PKIX
	ssl.truststore.certificates = null
	ssl.truststore.location = null
	ssl.truststore.password = null
	ssl.truststore.type = JKS
	value.deserializer = class org.userService.deserializer.UserInfoDeserializer

2025-08-26T12:18:00.089+05:30  INFO 8376 --- [main] o.a.kafka.common.utils.AppInfoParser     : Kafka version: 3.6.2
2025-08-26T12:18:00.089+05:30  INFO 8376 --- [main] o.a.kafka.common.utils.AppInfoParser     : Kafka commitId: c4deed513057c94e
2025-08-26T12:18:00.089+05:30  INFO 8376 --- [main] o.a.kafka.common.utils.AppInfoParser     : Kafka startTimeMs: 1756190880086
2025-08-26T12:18:00.099+05:30  INFO 8376 --- [main] fkaConsumerFactory$ExtendedKafkaConsumer : [Consumer clientId=consumer-userinfo-consumer-group-1, groupId=userinfo-consumer-group] Subscribed to topic(s): userinfo_json
2025-08-26T12:18:00.117+05:30  INFO 8376 --- [main] org.userService.App                      : Started App in 5.312 seconds (process running for 5.622)
2025-08-26T12:18:00.493+05:30  INFO 8376 --- [org.springframework.kafka.KafkaListenerEndpointContainer#0-0-C-1] org.apache.kafka.clients.Metadata        : [Consumer clientId=consumer-userinfo-consumer-group-1, groupId=userinfo-consumer-group] Cluster ID: prG7UUdBQx-FsTUT5D00Vg
2025-08-26T12:18:00.494+05:30  INFO 8376 --- [org.springframework.kafka.KafkaListenerEndpointContainer#0-0-C-1] o.a.k.c.c.internals.ConsumerCoordinator  : [Consumer clientId=consumer-userinfo-consumer-group-1, groupId=userinfo-consumer-group] Discovered group coordinator localhost:9092 (id: 2147483646 rack: null)
2025-08-26T12:18:00.496+05:30  INFO 8376 --- [org.springframework.kafka.KafkaListenerEndpointContainer#0-0-C-1] o.a.k.c.c.internals.ConsumerCoordinator  : [Consumer clientId=consumer-userinfo-consumer-group-1, groupId=userinfo-consumer-group] (Re-)joining group
2025-08-26T12:18:00.507+05:30  INFO 8376 --- [org.springframework.kafka.KafkaListenerEndpointContainer#0-0-C-1] o.a.k.c.c.internals.ConsumerCoordinator  : [Consumer clientId=consumer-userinfo-consumer-group-1, groupId=userinfo-consumer-group] Request joining group due to: need to re-join with the given member-id: consumer-userinfo-consumer-group-1-d765e2cb-a915-41cb-bbdd-de986426e2e2
2025-08-26T12:18:00.508+05:30  INFO 8376 --- [org.springframework.kafka.KafkaListenerEndpointContainer#0-0-C-1] o.a.k.c.c.internals.ConsumerCoordinator  : [Consumer clientId=consumer-userinfo-consumer-group-1, groupId=userinfo-consumer-group] Request joining group due to: rebalance failed due to 'The group member needs to have a valid member id before actually entering a consumer group.' (MemberIdRequiredException)
2025-08-26T12:18:00.508+05:30  INFO 8376 --- [org.springframework.kafka.KafkaListenerEndpointContainer#0-0-C-1] o.a.k.c.c.internals.ConsumerCoordinator  : [Consumer clientId=consumer-userinfo-consumer-group-1, groupId=userinfo-consumer-group] (Re-)joining group
2025-08-26T12:18:03.438+05:30  INFO 8376 --- [org.springframework.kafka.KafkaListenerEndpointContainer#0-0-C-1] o.a.k.c.c.internals.ConsumerCoordinator  : [Consumer clientId=consumer-userinfo-consumer-group-1, groupId=userinfo-consumer-group] Successfully joined group with generation Generation{generationId=3, memberId='consumer-userinfo-consumer-group-1-d765e2cb-a915-41cb-bbdd-de986426e2e2', protocol='range'}
2025-08-26T12:18:03.445+05:30  INFO 8376 --- [org.springframework.kafka.KafkaListenerEndpointContainer#0-0-C-1] o.a.k.c.c.internals.ConsumerCoordinator  : [Consumer clientId=consumer-userinfo-consumer-group-1, groupId=userinfo-consumer-group] Finished assignment for group at generation 3: {consumer-userinfo-consumer-group-1-d765e2cb-a915-41cb-bbdd-de986426e2e2=Assignment(partitions=[userinfo_json-0])}
2025-08-26T12:18:03.453+05:30  INFO 8376 --- [org.springframework.kafka.KafkaListenerEndpointContainer#0-0-C-1] o.a.k.c.c.internals.ConsumerCoordinator  : [Consumer clientId=consumer-userinfo-consumer-group-1, groupId=userinfo-consumer-group] Successfully synced group in generation Generation{generationId=3, memberId='consumer-userinfo-consumer-group-1-d765e2cb-a915-41cb-bbdd-de986426e2e2', protocol='range'}
2025-08-26T12:18:03.453+05:30  INFO 8376 --- [org.springframework.kafka.KafkaListenerEndpointContainer#0-0-C-1] o.a.k.c.c.internals.ConsumerCoordinator  : [Consumer clientId=consumer-userinfo-consumer-group-1, groupId=userinfo-consumer-group] Notifying assignor about the new Assignment(partitions=[userinfo_json-0])
2025-08-26T12:18:03.455+05:30  INFO 8376 --- [org.springframework.kafka.KafkaListenerEndpointContainer#0-0-C-1] o.a.k.c.c.internals.ConsumerCoordinator  : [Consumer clientId=consumer-userinfo-consumer-group-1, groupId=userinfo-consumer-group] Adding newly assigned partitions: userinfo_json-0
2025-08-26T12:18:03.462+05:30  INFO 8376 --- [org.springframework.kafka.KafkaListenerEndpointContainer#0-0-C-1] o.a.k.c.c.internals.ConsumerCoordinator  : [Consumer clientId=consumer-userinfo-consumer-group-1, groupId=userinfo-consumer-group] Setting offset for partition userinfo_json-0 to the committed offset FetchPosition{offset=1, offsetEpoch=Optional.empty, currentLeader=LeaderAndEpoch{leader=Optional[localhost:9092 (id: 1 rack: null)], epoch=0}}
2025-08-26T12:18:03.464+05:30  INFO 8376 --- [org.springframework.kafka.KafkaListenerEndpointContainer#0-0-C-1] o.s.k.l.KafkaMessageListenerContainer    : userinfo-consumer-group : partitions assigned: [userinfo_json-0]
2025-08-26T12:18:20.309+05:30  INFO 8376 --- [org.springframework.kafka.KafkaListenerEndpointContainer#0-0-C-1] o.u.consumer.AuthServiceConsumer         :  User saved/updated: vivekshaw16895@gmail.com
2025-08-26T12:48:36.142+05:30  INFO 9680 --- [main] org.userService.App                      : Starting App using Java 21.0.8 with PID 9680 (C:\Users\VIVEK\Documents\Projects\project_expence\userService\app\build\classes\java\main started by VIVEK in C:\Users\VIVEK\Documents\Projects\project_expence\userService)
2025-08-26T12:48:36.144+05:30 DEBUG 9680 --- [main] org.userService.App                      : Running with Spring Boot v3.2.5, Spring v6.1.6
2025-08-26T12:48:36.144+05:30  INFO 9680 --- [main] org.userService.App                      : No active profile set, falling back to 1 default profile: "default"
2025-08-26T12:48:36.907+05:30  INFO 9680 --- [main] .s.d.r.c.RepositoryConfigurationDelegate : Bootstrapping Spring Data JPA repositories in DEFAULT mode.
2025-08-26T12:48:36.953+05:30  INFO 9680 --- [main] .s.d.r.c.RepositoryConfigurationDelegate : Finished Spring Data repository scanning in 39 ms. Found 1 JPA repository interface.
2025-08-26T12:48:37.756+05:30  INFO 9680 --- [main] o.s.b.w.embedded.tomcat.TomcatWebServer  : Tomcat initialized with port 9090 (http)
2025-08-26T12:48:37.770+05:30  INFO 9680 --- [main] o.apache.catalina.core.StandardService   : Starting service [Tomcat]
2025-08-26T12:48:37.770+05:30  INFO 9680 --- [main] o.apache.catalina.core.StandardEngine    : Starting Servlet engine: [Apache Tomcat/10.1.20]
2025-08-26T12:48:37.835+05:30  INFO 9680 --- [main] o.a.c.c.C.[Tomcat].[localhost].[/]       : Initializing Spring embedded WebApplicationContext
2025-08-26T12:48:37.835+05:30  INFO 9680 --- [main] w.s.c.ServletWebServerApplicationContext : Root WebApplicationContext: initialization completed in 1640 ms
2025-08-26T12:48:38.292+05:30  INFO 9680 --- [main] o.hibernate.jpa.internal.util.LogHelper  : HHH000204: Processing PersistenceUnitInfo [name: default]
2025-08-26T12:48:38.361+05:30  INFO 9680 --- [main] org.hibernate.Version                    : HHH000412: Hibernate ORM core version 6.4.4.Final
2025-08-26T12:48:38.401+05:30  INFO 9680 --- [main] o.h.c.internal.RegionFactoryInitiator    : HHH000026: Second-level cache disabled
2025-08-26T12:48:38.625+05:30  INFO 9680 --- [main] o.s.o.j.p.SpringPersistenceUnitInfo      : No LoadTimeWeaver setup: ignoring JPA class transformer
2025-08-26T12:48:38.686+05:30  INFO 9680 --- [main] com.zaxxer.hikari.HikariDataSource       : HikariPool-1 - Starting...
2025-08-26T12:48:38.993+05:30  INFO 9680 --- [main] com.zaxxer.hikari.pool.HikariPool        : HikariPool-1 - Added connection com.mysql.cj.jdbc.ConnectionImpl@45849604
2025-08-26T12:48:38.996+05:30  INFO 9680 --- [main] com.zaxxer.hikari.HikariDataSource       : HikariPool-1 - Start completed.
2025-08-26T12:48:39.040+05:30  WARN 9680 --- [main] org.hibernate.orm.deprecation            : HHH90000025: MySQL8Dialect does not need to be specified explicitly using 'hibernate.dialect' (remove the property setting and it will be selected by default)
2025-08-26T12:48:39.041+05:30  WARN 9680 --- [main] org.hibernate.orm.deprecation            : HHH90000026: MySQL8Dialect has been deprecated; use org.hibernate.dialect.MySQLDialect instead
2025-08-26T12:48:39.746+05:30  INFO 9680 --- [main] o.h.e.t.j.p.i.JtaPlatformInitiator       : HHH000489: No JTA platform available (set 'hibernate.transaction.jta.platform' to enable JTA platform integration)
2025-08-26T12:48:39.785+05:30  INFO 9680 --- [main] j.LocalContainerEntityManagerFactoryBean : Initialized JPA EntityManagerFactory for persistence unit 'default'
2025-08-26T12:48:40.155+05:30  WARN 9680 --- [main] JpaBaseConfiguration$JpaWebConfiguration : spring.jpa.open-in-view is enabled by default. Therefore, database queries may be performed during view rendering. Explicitly configure spring.jpa.open-in-view to disable this warning
2025-08-26T12:48:40.928+05:30  INFO 9680 --- [main] o.s.b.a.e.web.EndpointLinksResolver      : Exposing 1 endpoint(s) beneath base path '/actuator'
2025-08-26T12:48:41.114+05:30  INFO 9680 --- [main] o.s.b.w.embedded.tomcat.TomcatWebServer  : Tomcat started on port 9090 (http) with context path ''
2025-08-26T12:48:41.176+05:30  INFO 9680 --- [main] o.a.k.clients.consumer.ConsumerConfig    : ConsumerConfig values: 
	allow.auto.create.topics = true
	auto.commit.interval.ms = 5000
	auto.include.jmx.reporter = true
	auto.offset.reset = earliest
	bootstrap.servers = [localhost:9092]
	check.crcs = true
	client.dns.lookup = use_all_dns_ips
	client.id = consumer-userinfo-consumer-group-1
	client.rack = 
	connections.max.idle.ms = 540000
	default.api.timeout.ms = 60000
	enable.auto.commit = false
	exclude.internal.topics = true
	fetch.max.bytes = 52428800
	fetch.max.wait.ms = 500
	fetch.min.bytes = 1
	group.id = userinfo-consumer-group
	group.instance.id = null
	heartbeat.interval.ms = 3000
	interceptor.classes = []
	internal.leave.group.on.close = true
	internal.throw.on.fetch.stable.offset.unsupported = false
	isolation.level = read_uncommitted
	key.deserializer = class org.apache.kafka.common.serialization.StringDeserializer
	max.partition.fetch.bytes = 1048576
	max.poll.interval.ms = 300000
	max.poll.records = 500
	metadata.max.age.ms = 300000
	metric.reporters = []
	metrics.num.samples = 2
	metrics.recording.level = INFO
	metrics.sample.window.ms = 30000
	partition.assignment.strategy = [class org.apache.kafka.clients.consumer.RangeAssignor, class org.apache.kafka.clients.consumer.CooperativeStickyAssignor]
	receive.buffer.bytes = 65536
	reconnect.backoff.max.ms = 1000
	reconnect.backoff.ms = 50
	request.timeout.ms = 30000
	retry.backoff.ms = 100
	sasl.client.callback.handler.class = null
	sasl.jaas.config = null
	sasl.kerberos.kinit.cmd = /usr/bin/kinit
	sasl.kerberos.min.time.before.relogin = 60000
	sasl.kerberos.service.name = null
	sasl.kerberos.ticket.renew.jitter = 0.05
	sasl.kerberos.ticket.renew.window.factor = 0.8
	sasl.login.callback.handler.class = null
	sasl.login.class = null
	sasl.login.connect.timeout.ms = null
	sasl.login.read.timeout.ms = null
	sasl.login.refresh.buffer.seconds = 300
	sasl.login.refresh.min.period.seconds = 60
	sasl.login.refresh.window.factor = 0.8
	sasl.login.refresh.window.jitter = 0.05
	sasl.login.retry.backoff.max.ms = 10000
	sasl.login.retry.backoff.ms = 100
	sasl.mechanism = GSSAPI
	sasl.oauthbearer.clock.skew.seconds = 30
	sasl.oauthbearer.expected.audience = null
	sasl.oauthbearer.expected.issuer = null
	sasl.oauthbearer.jwks.endpoint.refresh.ms = 3600000
	sasl.oauthbearer.jwks.endpoint.retry.backoff.max.ms = 10000
	sasl.oauthbearer.jwks.endpoint.retry.backoff.ms = 100
	sasl.oauthbearer.jwks.endpoint.url = null
	sasl.oauthbearer.scope.claim.name = scope
	sasl.oauthbearer.sub.claim.name = sub
	sasl.oauthbearer.token.endpoint.url = null
	security.protocol = PLAINTEXT
	security.providers = null
	send.buffer.bytes = 131072
	session.timeout.ms = 45000
	socket.connection.setup.timeout.max.ms = 30000
	socket.connection.setup.timeout.ms = 10000
	ssl.cipher.suites = null
	ssl.enabled.protocols = [TLSv1.2, TLSv1.3]
	ssl.endpoint.identification.algorithm = https
	ssl.engine.factory.class = null
	ssl.key.password = null
	ssl.keymanager.algorithm = SunX509
	ssl.keystore.certificate.chain = null
	ssl.keystore.key = null
	ssl.keystore.location = null
	ssl.keystore.password = null
	ssl.keystore.type = JKS
	ssl.protocol = TLSv1.3
	ssl.provider = null
	ssl.secure.random.implementation = null
	ssl.trustmanager.algorithm = PKIX
	ssl.truststore.certificates = null
	ssl.truststore.location = null
	ssl.truststore.password = null
	ssl.truststore.type = JKS
	value.deserializer = class org.userService.deserializer.UserInfoDeserializer

2025-08-26T12:48:41.356+05:30  INFO 9680 --- [main] o.a.kafka.common.utils.AppInfoParser     : Kafka version: 3.6.2
2025-08-26T12:48:41.356+05:30  INFO 9680 --- [main] o.a.kafka.common.utils.AppInfoParser     : Kafka commitId: c4deed513057c94e
2025-08-26T12:48:41.356+05:30  INFO 9680 --- [main] o.a.kafka.common.utils.AppInfoParser     : Kafka startTimeMs: 1756192721353
2025-08-26T12:48:41.368+05:30  INFO 9680 --- [main] fkaConsumerFactory$ExtendedKafkaConsumer : [Consumer clientId=consumer-userinfo-consumer-group-1, groupId=userinfo-consumer-group] Subscribed to topic(s): userinfo_json
2025-08-26T12:48:41.383+05:30  INFO 9680 --- [main] org.userService.App                      : Started App in 5.623 seconds (process running for 5.945)
2025-08-26T12:48:41.726+05:30  INFO 9680 --- [org.springframework.kafka.KafkaListenerEndpointContainer#0-0-C-1] org.apache.kafka.clients.Metadata        : [Consumer clientId=consumer-userinfo-consumer-group-1, groupId=userinfo-consumer-group] Cluster ID: prG7UUdBQx-FsTUT5D00Vg
2025-08-26T12:48:41.726+05:30  INFO 9680 --- [org.springframework.kafka.KafkaListenerEndpointContainer#0-0-C-1] o.a.k.c.c.internals.ConsumerCoordinator  : [Consumer clientId=consumer-userinfo-consumer-group-1, groupId=userinfo-consumer-group] Discovered group coordinator localhost:9092 (id: 2147483646 rack: null)
2025-08-26T12:48:41.728+05:30  INFO 9680 --- [org.springframework.kafka.KafkaListenerEndpointContainer#0-0-C-1] o.a.k.c.c.internals.ConsumerCoordinator  : [Consumer clientId=consumer-userinfo-consumer-group-1, groupId=userinfo-consumer-group] (Re-)joining group
2025-08-26T12:48:41.740+05:30  INFO 9680 --- [org.springframework.kafka.KafkaListenerEndpointContainer#0-0-C-1] o.a.k.c.c.internals.ConsumerCoordinator  : [Consumer clientId=consumer-userinfo-consumer-group-1, groupId=userinfo-consumer-group] Request joining group due to: need to re-join with the given member-id: consumer-userinfo-consumer-group-1-1a3cbe55-bc73-4a7f-ad75-5ee84f10f69e
2025-08-26T12:48:41.741+05:30  INFO 9680 --- [org.springframework.kafka.KafkaListenerEndpointContainer#0-0-C-1] o.a.k.c.c.internals.ConsumerCoordinator  : [Consumer clientId=consumer-userinfo-consumer-group-1, groupId=userinfo-consumer-group] Request joining group due to: rebalance failed due to 'The group member needs to have a valid member id before actually entering a consumer group.' (MemberIdRequiredException)
2025-08-26T12:48:41.741+05:30  INFO 9680 --- [org.springframework.kafka.KafkaListenerEndpointContainer#0-0-C-1] o.a.k.c.c.internals.ConsumerCoordinator  : [Consumer clientId=consumer-userinfo-consumer-group-1, groupId=userinfo-consumer-group] (Re-)joining group
2025-08-26T12:48:44.670+05:30  INFO 9680 --- [org.springframework.kafka.KafkaListenerEndpointContainer#0-0-C-1] o.a.k.c.c.internals.ConsumerCoordinator  : [Consumer clientId=consumer-userinfo-consumer-group-1, groupId=userinfo-consumer-group] Successfully joined group with generation Generation{generationId=5, memberId='consumer-userinfo-consumer-group-1-1a3cbe55-bc73-4a7f-ad75-5ee84f10f69e', protocol='range'}
2025-08-26T12:48:44.675+05:30  INFO 9680 --- [org.springframework.kafka.KafkaListenerEndpointContainer#0-0-C-1] o.a.k.c.c.internals.ConsumerCoordinator  : [Consumer clientId=consumer-userinfo-consumer-group-1, groupId=userinfo-consumer-group] Finished assignment for group at generation 5: {consumer-userinfo-consumer-group-1-1a3cbe55-bc73-4a7f-ad75-5ee84f10f69e=Assignment(partitions=[userinfo_json-0])}
2025-08-26T12:48:44.680+05:30  INFO 9680 --- [org.springframework.kafka.KafkaListenerEndpointContainer#0-0-C-1] o.a.k.c.c.internals.ConsumerCoordinator  : [Consumer clientId=consumer-userinfo-consumer-group-1, groupId=userinfo-consumer-group] Successfully synced group in generation Generation{generationId=5, memberId='consumer-userinfo-consumer-group-1-1a3cbe55-bc73-4a7f-ad75-5ee84f10f69e', protocol='range'}
2025-08-26T12:48:44.681+05:30  INFO 9680 --- [org.springframework.kafka.KafkaListenerEndpointContainer#0-0-C-1] o.a.k.c.c.internals.ConsumerCoordinator  : [Consumer clientId=consumer-userinfo-consumer-group-1, groupId=userinfo-consumer-group] Notifying assignor about the new Assignment(partitions=[userinfo_json-0])
2025-08-26T12:48:44.682+05:30  INFO 9680 --- [org.springframework.kafka.KafkaListenerEndpointContainer#0-0-C-1] o.a.k.c.c.internals.ConsumerCoordinator  : [Consumer clientId=consumer-userinfo-consumer-group-1, groupId=userinfo-consumer-group] Adding newly assigned partitions: userinfo_json-0
2025-08-26T12:48:44.690+05:30  INFO 9680 --- [org.springframework.kafka.KafkaListenerEndpointContainer#0-0-C-1] o.a.k.c.c.internals.ConsumerCoordinator  : [Consumer clientId=consumer-userinfo-consumer-group-1, groupId=userinfo-consumer-group] Setting offset for partition userinfo_json-0 to the committed offset FetchPosition{offset=2, offsetEpoch=Optional.empty, currentLeader=LeaderAndEpoch{leader=Optional[localhost:9092 (id: 1 rack: null)], epoch=0}}
2025-08-26T12:48:44.691+05:30  INFO 9680 --- [org.springframework.kafka.KafkaListenerEndpointContainer#0-0-C-1] o.s.k.l.KafkaMessageListenerContainer    : userinfo-consumer-group : partitions assigned: [userinfo_json-0]
2025-08-26T12:49:00.265+05:30  INFO 9680 --- [org.springframework.kafka.KafkaListenerEndpointContainer#0-0-C-1] o.u.consumer.AuthServiceConsumer         :  User saved/updated: vivek62904241@gmail.com
2025-08-26T12:49:42.309+05:30  INFO 9680 --- [org.springframework.kafka.KafkaListenerEndpointContainer#0-0-C-1] o.u.consumer.AuthServiceConsumer         :  User saved/updated: vivekshaw168@gmail.com
